2013-05-26 13:31:20
Full thread dump Java HotSpot(TM) Server VM (20.6-b01 mixed mode):

"Attach Listener" daemon prio=10 tid=0x6e703c00 nid=0x27ef waiting on condition [0x00000000]
   java.lang.Thread.State: RUNNABLE

   Locked ownable synchronizers:
	- None

"lab-thread-infiniteloop" prio=10 tid=0xb69eac00 nid=0x26ca runnable [0x6ee7e000]
   java.lang.Thread.State: RUNNABLE
	at com.kylin.lab.threaddump.infiniteloop.InfiniteLoopThread.run(InfiniteLoopThread.java:16)
	at java.lang.Thread.run(Thread.java:662)

   Locked ownable synchronizers:
	- None

"Low Memory Detector" daemon prio=10 tid=0xb69bbc00 nid=0x26c8 runnable [0x00000000]
   java.lang.Thread.State: RUNNABLE

   Locked ownable synchronizers:
	- None

"C2 CompilerThread1" daemon prio=10 tid=0xb69ba000 nid=0x26c7 waiting on condition [0x00000000]
   java.lang.Thread.State: RUNNABLE

   Locked ownable synchronizers:
	- None

"C2 CompilerThread0" daemon prio=10 tid=0xb69b8400 nid=0x26c6 waiting on condition [0x00000000]
   java.lang.Thread.State: RUNNABLE

   Locked ownable synchronizers:
	- None

"Signal Dispatcher" daemon prio=10 tid=0xb69b6800 nid=0x26c5 runnable [0x00000000]
   java.lang.Thread.State: RUNNABLE

   Locked ownable synchronizers:
	- None

"Finalizer" daemon prio=10 tid=0xb69a8400 nid=0x26c4 in Object.wait() [0xb6a77000]
   java.lang.Thread.State: WAITING (on object monitor)
	at java.lang.Object.wait(Native Method)
	- waiting on <0x9e2f1150> (a java.lang.ref.ReferenceQueue$Lock)
	at java.lang.ref.ReferenceQueue.remove(ReferenceQueue.java:118)
	- locked <0x9e2f1150> (a java.lang.ref.ReferenceQueue$Lock)
	at java.lang.ref.ReferenceQueue.remove(ReferenceQueue.java:134)
	at java.lang.ref.Finalizer$FinalizerThread.run(Finalizer.java:159)

   Locked ownable synchronizers:
	- None

"Reference Handler" daemon prio=10 tid=0xb69a7000 nid=0x26c3 in Object.wait() [0x6eaad000]
   java.lang.Thread.State: WAITING (on object monitor)
	at java.lang.Object.wait(Native Method)
	- waiting on <0x9e2f1050> (a java.lang.ref.Reference$Lock)
	at java.lang.Object.wait(Object.java:485)
	at java.lang.ref.Reference$ReferenceHandler.run(Reference.java:116)
	- locked <0x9e2f1050> (a java.lang.ref.Reference$Lock)

   Locked ownable synchronizers:
	- None

"lab-thread-infiniteloop-main" prio=10 tid=0xb6904800 nid=0x26bd runnable [0xb6b41000]
   java.lang.Thread.State: RUNNABLE
	at com.kylin.lab.Runner.main(Runner.java:15)

   Locked ownable synchronizers:
	- None

"VM Thread" prio=10 tid=0xb69a3400 nid=0x26c2 runnable 

"GC task thread#0 (ParallelGC)" prio=10 tid=0xb690b800 nid=0x26be runnable 

"GC task thread#1 (ParallelGC)" prio=10 tid=0xb690d000 nid=0x26bf runnable 

"GC task thread#2 (ParallelGC)" prio=10 tid=0xb690e400 nid=0x26c0 runnable 

"GC task thread#3 (ParallelGC)" prio=10 tid=0xb690fc00 nid=0x26c1 runnable 

"VM Periodic Task Thread" prio=10 tid=0xb69bdc00 nid=0x26c9 waiting on condition 

JNI global references: 886

