2013-07-12 16:05:05
Full thread dump Java HotSpot(TM) Server VM (20.6-b01 mixed mode):

"Attach Listener" daemon prio=10 tid=0x50ef4400 nid=0x3832 waiting on condition [0x00000000]
   java.lang.Thread.State: RUNNABLE

   Locked ownable synchronizers:
	- None

"http-/127.0.0.1:8080-9" daemon prio=10 tid=0x08337400 nid=0x37b3 in Object.wait() [0x4f8ab000]
   java.lang.Thread.State: WAITING (on object monitor)
	at java.lang.Object.wait(Native Method)
	- waiting on <0xac37e3e0> (a java.lang.Object)
	at java.lang.Object.wait(Object.java:485)
	at org.jboss.ejb.client.EJBClientInvocationContext.awaitResponse(EJBClientInvocationContext.java:397)
	- locked <0xac37e3e0> (a java.lang.Object)
	at org.jboss.ejb.client.EJBInvocationHandler.doInvoke(EJBInvocationHandler.java:140)
	at org.jboss.ejb.client.EJBInvocationHandler.doInvoke(EJBInvocationHandler.java:121)
	at org.jboss.ejb.client.EJBInvocationHandler.invoke(EJBInvocationHandler.java:104)
	at $Proxy21.greet(Unknown Source)
	at com.kylin.ejb.invocation.client.server.Greeter.setName(Greeter.java:27)
	at com.kylin.ejb.invocation.client.server.Greeter$Proxy$_$$_WeldClientProxy.setName(Greeter$Proxy$_$$_WeldClientProxy.java)
	at sun.reflect.NativeMethodAccessorImpl.invoke0(Native Method)
	at sun.reflect.NativeMethodAccessorImpl.invoke(NativeMethodAccessorImpl.java:39)
	at sun.reflect.DelegatingMethodAccessorImpl.invoke(DelegatingMethodAccessorImpl.java:25)
	at java.lang.reflect.Method.invoke(Method.java:597)
	at org.apache.el.parser.AstValue.invoke(AstValue.java:264)
	at org.apache.el.MethodExpressionImpl.invoke(MethodExpressionImpl.java:278)
	at org.jboss.weld.util.el.ForwardingMethodExpression.invoke(ForwardingMethodExpression.java:39)
	at org.jboss.weld.el.WeldMethodExpression.invoke(WeldMethodExpression.java:50)
	at com.sun.faces.facelets.el.TagMethodExpression.invoke(TagMethodExpression.java:105)
	at javax.faces.component.MethodBindingMethodExpressionAdapter.invoke(MethodBindingMethodExpressionAdapter.java:88)
	at com.sun.faces.application.ActionListenerImpl.processAction(ActionListenerImpl.java:101)
	at javax.faces.component.UICommand.broadcast(UICommand.java:315)
	at javax.faces.component.UIViewRoot.broadcastEvents(UIViewRoot.java:794)
	at javax.faces.component.UIViewRoot.processApplication(UIViewRoot.java:1259)
	at com.sun.faces.lifecycle.InvokeApplicationPhase.execute(InvokeApplicationPhase.java:81)
	at com.sun.faces.lifecycle.Phase.doPhase(Phase.java:101)
	at com.sun.faces.lifecycle.LifecycleImpl.execute(LifecycleImpl.java:118)
	at javax.faces.webapp.FacesServlet.service(FacesServlet.java:593)
	at org.apache.catalina.core.ApplicationFilterChain.internalDoFilter(ApplicationFilterChain.java:329)
	at org.apache.catalina.core.ApplicationFilterChain.doFilter(ApplicationFilterChain.java:248)
	at org.jboss.weld.servlet.ConversationPropagationFilter.doFilter(ConversationPropagationFilter.java:62)
	at org.apache.catalina.core.ApplicationFilterChain.internalDoFilter(ApplicationFilterChain.java:280)
	at org.apache.catalina.core.ApplicationFilterChain.doFilter(ApplicationFilterChain.java:248)
	at org.apache.catalina.core.StandardWrapperValve.invoke(StandardWrapperValve.java:275)
	at org.apache.catalina.core.StandardContextValve.invoke(StandardContextValve.java:161)
	at org.jboss.as.web.security.SecurityContextAssociationValve.invoke(SecurityContextAssociationValve.java:169)
	at org.apache.catalina.core.StandardHostValve.invoke(StandardHostValve.java:155)
	at org.apache.catalina.valves.ErrorReportValve.invoke(ErrorReportValve.java:102)
	at org.apache.catalina.core.StandardEngineValve.invoke(StandardEngineValve.java:109)
	at org.apache.catalina.connector.CoyoteAdapter.service(CoyoteAdapter.java:372)
	at org.apache.coyote.http11.Http11Processor.process(Http11Processor.java:877)
	at org.apache.coyote.http11.Http11Protocol$Http11ConnectionHandler.process(Http11Protocol.java:679)
	at org.apache.tomcat.util.net.JIoEndpoint$Worker.run(JIoEndpoint.java:931)
	at java.lang.Thread.run(Thread.java:662)

   Locked ownable synchronizers:
	- None

"http-/127.0.0.1:8080-8" daemon prio=10 tid=0x08336c00 nid=0x37b2 in Object.wait() [0x4f60b000]
   java.lang.Thread.State: WAITING (on object monitor)
	at java.lang.Object.wait(Native Method)
	- waiting on <0xac3194a8> (a java.lang.Object)
	at java.lang.Object.wait(Object.java:485)
	at org.jboss.ejb.client.EJBClientInvocationContext.awaitResponse(EJBClientInvocationContext.java:397)
	- locked <0xac3194a8> (a java.lang.Object)
	at org.jboss.ejb.client.EJBInvocationHandler.doInvoke(EJBInvocationHandler.java:140)
	at org.jboss.ejb.client.EJBInvocationHandler.doInvoke(EJBInvocationHandler.java:121)
	at org.jboss.ejb.client.EJBInvocationHandler.invoke(EJBInvocationHandler.java:104)
	at $Proxy21.greet(Unknown Source)
	at com.kylin.ejb.invocation.client.server.Greeter.setName(Greeter.java:27)
	at com.kylin.ejb.invocation.client.server.Greeter$Proxy$_$$_WeldClientProxy.setName(Greeter$Proxy$_$$_WeldClientProxy.java)
	at sun.reflect.NativeMethodAccessorImpl.invoke0(Native Method)
	at sun.reflect.NativeMethodAccessorImpl.invoke(NativeMethodAccessorImpl.java:39)
	at sun.reflect.DelegatingMethodAccessorImpl.invoke(DelegatingMethodAccessorImpl.java:25)
	at java.lang.reflect.Method.invoke(Method.java:597)
	at org.apache.el.parser.AstValue.invoke(AstValue.java:264)
	at org.apache.el.MethodExpressionImpl.invoke(MethodExpressionImpl.java:278)
	at org.jboss.weld.util.el.ForwardingMethodExpression.invoke(ForwardingMethodExpression.java:39)
	at org.jboss.weld.el.WeldMethodExpression.invoke(WeldMethodExpression.java:50)
	at com.sun.faces.facelets.el.TagMethodExpression.invoke(TagMethodExpression.java:105)
	at javax.faces.component.MethodBindingMethodExpressionAdapter.invoke(MethodBindingMethodExpressionAdapter.java:88)
	at com.sun.faces.application.ActionListenerImpl.processAction(ActionListenerImpl.java:101)
	at javax.faces.component.UICommand.broadcast(UICommand.java:315)
	at javax.faces.component.UIViewRoot.broadcastEvents(UIViewRoot.java:794)
	at javax.faces.component.UIViewRoot.processApplication(UIViewRoot.java:1259)
	at com.sun.faces.lifecycle.InvokeApplicationPhase.execute(InvokeApplicationPhase.java:81)
	at com.sun.faces.lifecycle.Phase.doPhase(Phase.java:101)
	at com.sun.faces.lifecycle.LifecycleImpl.execute(LifecycleImpl.java:118)
	at javax.faces.webapp.FacesServlet.service(FacesServlet.java:593)
	at org.apache.catalina.core.ApplicationFilterChain.internalDoFilter(ApplicationFilterChain.java:329)
	at org.apache.catalina.core.ApplicationFilterChain.doFilter(ApplicationFilterChain.java:248)
	at org.jboss.weld.servlet.ConversationPropagationFilter.doFilter(ConversationPropagationFilter.java:62)
	at org.apache.catalina.core.ApplicationFilterChain.internalDoFilter(ApplicationFilterChain.java:280)
	at org.apache.catalina.core.ApplicationFilterChain.doFilter(ApplicationFilterChain.java:248)
	at org.apache.catalina.core.StandardWrapperValve.invoke(StandardWrapperValve.java:275)
	at org.apache.catalina.core.StandardContextValve.invoke(StandardContextValve.java:161)
	at org.jboss.as.web.security.SecurityContextAssociationValve.invoke(SecurityContextAssociationValve.java:169)
	at org.apache.catalina.core.StandardHostValve.invoke(StandardHostValve.java:155)
	at org.apache.catalina.valves.ErrorReportValve.invoke(ErrorReportValve.java:102)
	at org.apache.catalina.core.StandardEngineValve.invoke(StandardEngineValve.java:109)
	at org.apache.catalina.connector.CoyoteAdapter.service(CoyoteAdapter.java:372)
	at org.apache.coyote.http11.Http11Processor.process(Http11Processor.java:877)
	at org.apache.coyote.http11.Http11Protocol$Http11ConnectionHandler.process(Http11Protocol.java:679)
	at org.apache.tomcat.util.net.JIoEndpoint$Worker.run(JIoEndpoint.java:931)
	at java.lang.Thread.run(Thread.java:662)

   Locked ownable synchronizers:
	- None

"http-/127.0.0.1:8080-7" daemon prio=10 tid=0x08336800 nid=0x37ab in Object.wait() [0x4f4c7000]
   java.lang.Thread.State: WAITING (on object monitor)
	at java.lang.Object.wait(Native Method)
	- waiting on <0xac2bdc48> (a java.lang.Object)
	at java.lang.Object.wait(Object.java:485)
	at org.jboss.ejb.client.EJBClientInvocationContext.awaitResponse(EJBClientInvocationContext.java:397)
	- locked <0xac2bdc48> (a java.lang.Object)
	at org.jboss.ejb.client.EJBInvocationHandler.doInvoke(EJBInvocationHandler.java:140)
	at org.jboss.ejb.client.EJBInvocationHandler.doInvoke(EJBInvocationHandler.java:121)
	at org.jboss.ejb.client.EJBInvocationHandler.invoke(EJBInvocationHandler.java:104)
	at $Proxy21.greet(Unknown Source)
	at com.kylin.ejb.invocation.client.server.Greeter.setName(Greeter.java:27)
	at com.kylin.ejb.invocation.client.server.Greeter$Proxy$_$$_WeldClientProxy.setName(Greeter$Proxy$_$$_WeldClientProxy.java)
	at sun.reflect.NativeMethodAccessorImpl.invoke0(Native Method)
	at sun.reflect.NativeMethodAccessorImpl.invoke(NativeMethodAccessorImpl.java:39)
	at sun.reflect.DelegatingMethodAccessorImpl.invoke(DelegatingMethodAccessorImpl.java:25)
	at java.lang.reflect.Method.invoke(Method.java:597)
	at org.apache.el.parser.AstValue.invoke(AstValue.java:264)
	at org.apache.el.MethodExpressionImpl.invoke(MethodExpressionImpl.java:278)
	at org.jboss.weld.util.el.ForwardingMethodExpression.invoke(ForwardingMethodExpression.java:39)
	at org.jboss.weld.el.WeldMethodExpression.invoke(WeldMethodExpression.java:50)
	at com.sun.faces.facelets.el.TagMethodExpression.invoke(TagMethodExpression.java:105)
	at javax.faces.component.MethodBindingMethodExpressionAdapter.invoke(MethodBindingMethodExpressionAdapter.java:88)
	at com.sun.faces.application.ActionListenerImpl.processAction(ActionListenerImpl.java:101)
	at javax.faces.component.UICommand.broadcast(UICommand.java:315)
	at javax.faces.component.UIViewRoot.broadcastEvents(UIViewRoot.java:794)
	at javax.faces.component.UIViewRoot.processApplication(UIViewRoot.java:1259)
	at com.sun.faces.lifecycle.InvokeApplicationPhase.execute(InvokeApplicationPhase.java:81)
	at com.sun.faces.lifecycle.Phase.doPhase(Phase.java:101)
	at com.sun.faces.lifecycle.LifecycleImpl.execute(LifecycleImpl.java:118)
	at javax.faces.webapp.FacesServlet.service(FacesServlet.java:593)
	at org.apache.catalina.core.ApplicationFilterChain.internalDoFilter(ApplicationFilterChain.java:329)
	at org.apache.catalina.core.ApplicationFilterChain.doFilter(ApplicationFilterChain.java:248)
	at org.jboss.weld.servlet.ConversationPropagationFilter.doFilter(ConversationPropagationFilter.java:62)
	at org.apache.catalina.core.ApplicationFilterChain.internalDoFilter(ApplicationFilterChain.java:280)
	at org.apache.catalina.core.ApplicationFilterChain.doFilter(ApplicationFilterChain.java:248)
	at org.apache.catalina.core.StandardWrapperValve.invoke(StandardWrapperValve.java:275)
	at org.apache.catalina.core.StandardContextValve.invoke(StandardContextValve.java:161)
	at org.jboss.as.web.security.SecurityContextAssociationValve.invoke(SecurityContextAssociationValve.java:169)
	at org.apache.catalina.core.StandardHostValve.invoke(StandardHostValve.java:155)
	at org.apache.catalina.valves.ErrorReportValve.invoke(ErrorReportValve.java:102)
	at org.apache.catalina.core.StandardEngineValve.invoke(StandardEngineValve.java:109)
	at org.apache.catalina.connector.CoyoteAdapter.service(CoyoteAdapter.java:372)
	at org.apache.coyote.http11.Http11Processor.process(Http11Processor.java:877)
	at org.apache.coyote.http11.Http11Protocol$Http11ConnectionHandler.process(Http11Protocol.java:679)
	at org.apache.tomcat.util.net.JIoEndpoint$Worker.run(JIoEndpoint.java:931)
	at java.lang.Thread.run(Thread.java:662)

   Locked ownable synchronizers:
	- None

"http-/127.0.0.1:8080-6" daemon prio=10 tid=0x08403000 nid=0x37aa in Object.wait() [0x4f5b9000]
   java.lang.Thread.State: WAITING (on object monitor)
	at java.lang.Object.wait(Native Method)
	- waiting on <0xac2610f0> (a java.lang.Object)
	at java.lang.Object.wait(Object.java:485)
	at org.jboss.ejb.client.EJBClientInvocationContext.awaitResponse(EJBClientInvocationContext.java:397)
	- locked <0xac2610f0> (a java.lang.Object)
	at org.jboss.ejb.client.EJBInvocationHandler.doInvoke(EJBInvocationHandler.java:140)
	at org.jboss.ejb.client.EJBInvocationHandler.doInvoke(EJBInvocationHandler.java:121)
	at org.jboss.ejb.client.EJBInvocationHandler.invoke(EJBInvocationHandler.java:104)
	at $Proxy21.greet(Unknown Source)
	at com.kylin.ejb.invocation.client.server.Greeter.setName(Greeter.java:27)
	at com.kylin.ejb.invocation.client.server.Greeter$Proxy$_$$_WeldClientProxy.setName(Greeter$Proxy$_$$_WeldClientProxy.java)
	at sun.reflect.NativeMethodAccessorImpl.invoke0(Native Method)
	at sun.reflect.NativeMethodAccessorImpl.invoke(NativeMethodAccessorImpl.java:39)
	at sun.reflect.DelegatingMethodAccessorImpl.invoke(DelegatingMethodAccessorImpl.java:25)
	at java.lang.reflect.Method.invoke(Method.java:597)
	at org.apache.el.parser.AstValue.invoke(AstValue.java:264)
	at org.apache.el.MethodExpressionImpl.invoke(MethodExpressionImpl.java:278)
	at org.jboss.weld.util.el.ForwardingMethodExpression.invoke(ForwardingMethodExpression.java:39)
	at org.jboss.weld.el.WeldMethodExpression.invoke(WeldMethodExpression.java:50)
	at com.sun.faces.facelets.el.TagMethodExpression.invoke(TagMethodExpression.java:105)
	at javax.faces.component.MethodBindingMethodExpressionAdapter.invoke(MethodBindingMethodExpressionAdapter.java:88)
	at com.sun.faces.application.ActionListenerImpl.processAction(ActionListenerImpl.java:101)
	at javax.faces.component.UICommand.broadcast(UICommand.java:315)
	at javax.faces.component.UIViewRoot.broadcastEvents(UIViewRoot.java:794)
	at javax.faces.component.UIViewRoot.processApplication(UIViewRoot.java:1259)
	at com.sun.faces.lifecycle.InvokeApplicationPhase.execute(InvokeApplicationPhase.java:81)
	at com.sun.faces.lifecycle.Phase.doPhase(Phase.java:101)
	at com.sun.faces.lifecycle.LifecycleImpl.execute(LifecycleImpl.java:118)
	at javax.faces.webapp.FacesServlet.service(FacesServlet.java:593)
	at org.apache.catalina.core.ApplicationFilterChain.internalDoFilter(ApplicationFilterChain.java:329)
	at org.apache.catalina.core.ApplicationFilterChain.doFilter(ApplicationFilterChain.java:248)
	at org.jboss.weld.servlet.ConversationPropagationFilter.doFilter(ConversationPropagationFilter.java:62)
	at org.apache.catalina.core.ApplicationFilterChain.internalDoFilter(ApplicationFilterChain.java:280)
	at org.apache.catalina.core.ApplicationFilterChain.doFilter(ApplicationFilterChain.java:248)
	at org.apache.catalina.core.StandardWrapperValve.invoke(StandardWrapperValve.java:275)
	at org.apache.catalina.core.StandardContextValve.invoke(StandardContextValve.java:161)
	at org.jboss.as.web.security.SecurityContextAssociationValve.invoke(SecurityContextAssociationValve.java:169)
	at org.apache.catalina.core.StandardHostValve.invoke(StandardHostValve.java:155)
	at org.apache.catalina.valves.ErrorReportValve.invoke(ErrorReportValve.java:102)
	at org.apache.catalina.core.StandardEngineValve.invoke(StandardEngineValve.java:109)
	at org.apache.catalina.connector.CoyoteAdapter.service(CoyoteAdapter.java:372)
	at org.apache.coyote.http11.Http11Processor.process(Http11Processor.java:877)
	at org.apache.coyote.http11.Http11Protocol$Http11ConnectionHandler.process(Http11Protocol.java:679)
	at org.apache.tomcat.util.net.JIoEndpoint$Worker.run(JIoEndpoint.java:931)
	at java.lang.Thread.run(Thread.java:662)

   Locked ownable synchronizers:
	- None

"http-/127.0.0.1:8080-5" daemon prio=10 tid=0x08402800 nid=0x37a9 in Object.wait() [0x4f3d3000]
   java.lang.Thread.State: WAITING (on object monitor)
	at java.lang.Object.wait(Native Method)
	- waiting on <0xac1a6738> (a java.lang.Object)
	at java.lang.Object.wait(Object.java:485)
	at org.jboss.ejb.client.EJBClientInvocationContext.awaitResponse(EJBClientInvocationContext.java:397)
	- locked <0xac1a6738> (a java.lang.Object)
	at org.jboss.ejb.client.EJBInvocationHandler.doInvoke(EJBInvocationHandler.java:140)
	at org.jboss.ejb.client.EJBInvocationHandler.doInvoke(EJBInvocationHandler.java:121)
	at org.jboss.ejb.client.EJBInvocationHandler.invoke(EJBInvocationHandler.java:104)
	at $Proxy21.greet(Unknown Source)
	at com.kylin.ejb.invocation.client.server.Greeter.setName(Greeter.java:27)
	at com.kylin.ejb.invocation.client.server.Greeter$Proxy$_$$_WeldClientProxy.setName(Greeter$Proxy$_$$_WeldClientProxy.java)
	at sun.reflect.NativeMethodAccessorImpl.invoke0(Native Method)
	at sun.reflect.NativeMethodAccessorImpl.invoke(NativeMethodAccessorImpl.java:39)
	at sun.reflect.DelegatingMethodAccessorImpl.invoke(DelegatingMethodAccessorImpl.java:25)
	at java.lang.reflect.Method.invoke(Method.java:597)
	at org.apache.el.parser.AstValue.invoke(AstValue.java:264)
	at org.apache.el.MethodExpressionImpl.invoke(MethodExpressionImpl.java:278)
	at org.jboss.weld.util.el.ForwardingMethodExpression.invoke(ForwardingMethodExpression.java:39)
	at org.jboss.weld.el.WeldMethodExpression.invoke(WeldMethodExpression.java:50)
	at com.sun.faces.facelets.el.TagMethodExpression.invoke(TagMethodExpression.java:105)
	at javax.faces.component.MethodBindingMethodExpressionAdapter.invoke(MethodBindingMethodExpressionAdapter.java:88)
	at com.sun.faces.application.ActionListenerImpl.processAction(ActionListenerImpl.java:101)
	at javax.faces.component.UICommand.broadcast(UICommand.java:315)
	at javax.faces.component.UIViewRoot.broadcastEvents(UIViewRoot.java:794)
	at javax.faces.component.UIViewRoot.processApplication(UIViewRoot.java:1259)
	at com.sun.faces.lifecycle.InvokeApplicationPhase.execute(InvokeApplicationPhase.java:81)
	at com.sun.faces.lifecycle.Phase.doPhase(Phase.java:101)
	at com.sun.faces.lifecycle.LifecycleImpl.execute(LifecycleImpl.java:118)
	at javax.faces.webapp.FacesServlet.service(FacesServlet.java:593)
	at org.apache.catalina.core.ApplicationFilterChain.internalDoFilter(ApplicationFilterChain.java:329)
	at org.apache.catalina.core.ApplicationFilterChain.doFilter(ApplicationFilterChain.java:248)
	at org.jboss.weld.servlet.ConversationPropagationFilter.doFilter(ConversationPropagationFilter.java:62)
	at org.apache.catalina.core.ApplicationFilterChain.internalDoFilter(ApplicationFilterChain.java:280)
	at org.apache.catalina.core.ApplicationFilterChain.doFilter(ApplicationFilterChain.java:248)
	at org.apache.catalina.core.StandardWrapperValve.invoke(StandardWrapperValve.java:275)
	at org.apache.catalina.core.StandardContextValve.invoke(StandardContextValve.java:161)
	at org.jboss.as.web.security.SecurityContextAssociationValve.invoke(SecurityContextAssociationValve.java:169)
	at org.apache.catalina.core.StandardHostValve.invoke(StandardHostValve.java:155)
	at org.apache.catalina.valves.ErrorReportValve.invoke(ErrorReportValve.java:102)
	at org.apache.catalina.core.StandardEngineValve.invoke(StandardEngineValve.java:109)
	at org.apache.catalina.connector.CoyoteAdapter.service(CoyoteAdapter.java:372)
	at org.apache.coyote.http11.Http11Processor.process(Http11Processor.java:877)
	at org.apache.coyote.http11.Http11Protocol$Http11ConnectionHandler.process(Http11Protocol.java:679)
	at org.apache.tomcat.util.net.JIoEndpoint$Worker.run(JIoEndpoint.java:931)
	at java.lang.Thread.run(Thread.java:662)

   Locked ownable synchronizers:
	- None

"http-/127.0.0.1:8080-4" daemon prio=10 tid=0x08331c00 nid=0x37a8 in Object.wait() [0x4f23e000]
   java.lang.Thread.State: WAITING (on object monitor)
	at java.lang.Object.wait(Native Method)
	- waiting on <0xac14ab80> (a java.lang.Object)
	at java.lang.Object.wait(Object.java:485)
	at org.jboss.ejb.client.EJBClientInvocationContext.awaitResponse(EJBClientInvocationContext.java:397)
	- locked <0xac14ab80> (a java.lang.Object)
	at org.jboss.ejb.client.EJBInvocationHandler.doInvoke(EJBInvocationHandler.java:140)
	at org.jboss.ejb.client.EJBInvocationHandler.doInvoke(EJBInvocationHandler.java:121)
	at org.jboss.ejb.client.EJBInvocationHandler.invoke(EJBInvocationHandler.java:104)
	at $Proxy21.greet(Unknown Source)
	at com.kylin.ejb.invocation.client.server.Greeter.setName(Greeter.java:27)
	at com.kylin.ejb.invocation.client.server.Greeter$Proxy$_$$_WeldClientProxy.setName(Greeter$Proxy$_$$_WeldClientProxy.java)
	at sun.reflect.NativeMethodAccessorImpl.invoke0(Native Method)
	at sun.reflect.NativeMethodAccessorImpl.invoke(NativeMethodAccessorImpl.java:39)
	at sun.reflect.DelegatingMethodAccessorImpl.invoke(DelegatingMethodAccessorImpl.java:25)
	at java.lang.reflect.Method.invoke(Method.java:597)
	at org.apache.el.parser.AstValue.invoke(AstValue.java:264)
	at org.apache.el.MethodExpressionImpl.invoke(MethodExpressionImpl.java:278)
	at org.jboss.weld.util.el.ForwardingMethodExpression.invoke(ForwardingMethodExpression.java:39)
	at org.jboss.weld.el.WeldMethodExpression.invoke(WeldMethodExpression.java:50)
	at com.sun.faces.facelets.el.TagMethodExpression.invoke(TagMethodExpression.java:105)
	at javax.faces.component.MethodBindingMethodExpressionAdapter.invoke(MethodBindingMethodExpressionAdapter.java:88)
	at com.sun.faces.application.ActionListenerImpl.processAction(ActionListenerImpl.java:101)
	at javax.faces.component.UICommand.broadcast(UICommand.java:315)
	at javax.faces.component.UIViewRoot.broadcastEvents(UIViewRoot.java:794)
	at javax.faces.component.UIViewRoot.processApplication(UIViewRoot.java:1259)
	at com.sun.faces.lifecycle.InvokeApplicationPhase.execute(InvokeApplicationPhase.java:81)
	at com.sun.faces.lifecycle.Phase.doPhase(Phase.java:101)
	at com.sun.faces.lifecycle.LifecycleImpl.execute(LifecycleImpl.java:118)
	at javax.faces.webapp.FacesServlet.service(FacesServlet.java:593)
	at org.apache.catalina.core.ApplicationFilterChain.internalDoFilter(ApplicationFilterChain.java:329)
	at org.apache.catalina.core.ApplicationFilterChain.doFilter(ApplicationFilterChain.java:248)
	at org.jboss.weld.servlet.ConversationPropagationFilter.doFilter(ConversationPropagationFilter.java:62)
	at org.apache.catalina.core.ApplicationFilterChain.internalDoFilter(ApplicationFilterChain.java:280)
	at org.apache.catalina.core.ApplicationFilterChain.doFilter(ApplicationFilterChain.java:248)
	at org.apache.catalina.core.StandardWrapperValve.invoke(StandardWrapperValve.java:275)
	at org.apache.catalina.core.StandardContextValve.invoke(StandardContextValve.java:161)
	at org.jboss.as.web.security.SecurityContextAssociationValve.invoke(SecurityContextAssociationValve.java:169)
	at org.apache.catalina.core.StandardHostValve.invoke(StandardHostValve.java:155)
	at org.apache.catalina.valves.ErrorReportValve.invoke(ErrorReportValve.java:102)
	at org.apache.catalina.core.StandardEngineValve.invoke(StandardEngineValve.java:109)
	at org.apache.catalina.connector.CoyoteAdapter.service(CoyoteAdapter.java:372)
	at org.apache.coyote.http11.Http11Processor.process(Http11Processor.java:877)
	at org.apache.coyote.http11.Http11Protocol$Http11ConnectionHandler.process(Http11Protocol.java:679)
	at org.apache.tomcat.util.net.JIoEndpoint$Worker.run(JIoEndpoint.java:931)
	at java.lang.Thread.run(Thread.java:662)

   Locked ownable synchronizers:
	- None

"http-/127.0.0.1:8080-3" daemon prio=10 tid=0x08563800 nid=0x37a7 in Object.wait() [0x4edb4000]
   java.lang.Thread.State: WAITING (on object monitor)
	at java.lang.Object.wait(Native Method)
	- waiting on <0xac0ecb80> (a java.lang.Object)
	at java.lang.Object.wait(Object.java:485)
	at org.jboss.ejb.client.EJBClientInvocationContext.awaitResponse(EJBClientInvocationContext.java:397)
	- locked <0xac0ecb80> (a java.lang.Object)
	at org.jboss.ejb.client.EJBInvocationHandler.doInvoke(EJBInvocationHandler.java:140)
	at org.jboss.ejb.client.EJBInvocationHandler.doInvoke(EJBInvocationHandler.java:121)
	at org.jboss.ejb.client.EJBInvocationHandler.invoke(EJBInvocationHandler.java:104)
	at $Proxy21.greet(Unknown Source)
	at com.kylin.ejb.invocation.client.server.Greeter.setName(Greeter.java:27)
	at com.kylin.ejb.invocation.client.server.Greeter$Proxy$_$$_WeldClientProxy.setName(Greeter$Proxy$_$$_WeldClientProxy.java)
	at sun.reflect.NativeMethodAccessorImpl.invoke0(Native Method)
	at sun.reflect.NativeMethodAccessorImpl.invoke(NativeMethodAccessorImpl.java:39)
	at sun.reflect.DelegatingMethodAccessorImpl.invoke(DelegatingMethodAccessorImpl.java:25)
	at java.lang.reflect.Method.invoke(Method.java:597)
	at org.apache.el.parser.AstValue.invoke(AstValue.java:264)
	at org.apache.el.MethodExpressionImpl.invoke(MethodExpressionImpl.java:278)
	at org.jboss.weld.util.el.ForwardingMethodExpression.invoke(ForwardingMethodExpression.java:39)
	at org.jboss.weld.el.WeldMethodExpression.invoke(WeldMethodExpression.java:50)
	at com.sun.faces.facelets.el.TagMethodExpression.invoke(TagMethodExpression.java:105)
	at javax.faces.component.MethodBindingMethodExpressionAdapter.invoke(MethodBindingMethodExpressionAdapter.java:88)
	at com.sun.faces.application.ActionListenerImpl.processAction(ActionListenerImpl.java:101)
	at javax.faces.component.UICommand.broadcast(UICommand.java:315)
	at javax.faces.component.UIViewRoot.broadcastEvents(UIViewRoot.java:794)
	at javax.faces.component.UIViewRoot.processApplication(UIViewRoot.java:1259)
	at com.sun.faces.lifecycle.InvokeApplicationPhase.execute(InvokeApplicationPhase.java:81)
	at com.sun.faces.lifecycle.Phase.doPhase(Phase.java:101)
	at com.sun.faces.lifecycle.LifecycleImpl.execute(LifecycleImpl.java:118)
	at javax.faces.webapp.FacesServlet.service(FacesServlet.java:593)
	at org.apache.catalina.core.ApplicationFilterChain.internalDoFilter(ApplicationFilterChain.java:329)
	at org.apache.catalina.core.ApplicationFilterChain.doFilter(ApplicationFilterChain.java:248)
	at org.jboss.weld.servlet.ConversationPropagationFilter.doFilter(ConversationPropagationFilter.java:62)
	at org.apache.catalina.core.ApplicationFilterChain.internalDoFilter(ApplicationFilterChain.java:280)
	at org.apache.catalina.core.ApplicationFilterChain.doFilter(ApplicationFilterChain.java:248)
	at org.apache.catalina.core.StandardWrapperValve.invoke(StandardWrapperValve.java:275)
	at org.apache.catalina.core.StandardContextValve.invoke(StandardContextValve.java:161)
	at org.jboss.as.web.security.SecurityContextAssociationValve.invoke(SecurityContextAssociationValve.java:169)
	at org.apache.catalina.core.StandardHostValve.invoke(StandardHostValve.java:155)
	at org.apache.catalina.valves.ErrorReportValve.invoke(ErrorReportValve.java:102)
	at org.apache.catalina.core.StandardEngineValve.invoke(StandardEngineValve.java:109)
	at org.apache.catalina.connector.CoyoteAdapter.service(CoyoteAdapter.java:372)
	at org.apache.coyote.http11.Http11Processor.process(Http11Processor.java:877)
	at org.apache.coyote.http11.Http11Protocol$Http11ConnectionHandler.process(Http11Protocol.java:679)
	at org.apache.tomcat.util.net.JIoEndpoint$Worker.run(JIoEndpoint.java:931)
	at java.lang.Thread.run(Thread.java:662)

   Locked ownable synchronizers:
	- None

"http-/127.0.0.1:8080-2" daemon prio=10 tid=0x0831f800 nid=0x37a6 in Object.wait() [0x4f85b000]
   java.lang.Thread.State: WAITING (on object monitor)
	at java.lang.Object.wait(Native Method)
	- waiting on <0xac0397d8> (a java.lang.Object)
	at java.lang.Object.wait(Object.java:485)
	at org.jboss.ejb.client.EJBClientInvocationContext.awaitResponse(EJBClientInvocationContext.java:397)
	- locked <0xac0397d8> (a java.lang.Object)
	at org.jboss.ejb.client.EJBInvocationHandler.doInvoke(EJBInvocationHandler.java:140)
	at org.jboss.ejb.client.EJBInvocationHandler.doInvoke(EJBInvocationHandler.java:121)
	at org.jboss.ejb.client.EJBInvocationHandler.invoke(EJBInvocationHandler.java:104)
	at $Proxy21.greet(Unknown Source)
	at com.kylin.ejb.invocation.client.server.Greeter.setName(Greeter.java:27)
	at com.kylin.ejb.invocation.client.server.Greeter$Proxy$_$$_WeldClientProxy.setName(Greeter$Proxy$_$$_WeldClientProxy.java)
	at sun.reflect.NativeMethodAccessorImpl.invoke0(Native Method)
	at sun.reflect.NativeMethodAccessorImpl.invoke(NativeMethodAccessorImpl.java:39)
	at sun.reflect.DelegatingMethodAccessorImpl.invoke(DelegatingMethodAccessorImpl.java:25)
	at java.lang.reflect.Method.invoke(Method.java:597)
	at org.apache.el.parser.AstValue.invoke(AstValue.java:264)
	at org.apache.el.MethodExpressionImpl.invoke(MethodExpressionImpl.java:278)
	at org.jboss.weld.util.el.ForwardingMethodExpression.invoke(ForwardingMethodExpression.java:39)
	at org.jboss.weld.el.WeldMethodExpression.invoke(WeldMethodExpression.java:50)
	at com.sun.faces.facelets.el.TagMethodExpression.invoke(TagMethodExpression.java:105)
	at javax.faces.component.MethodBindingMethodExpressionAdapter.invoke(MethodBindingMethodExpressionAdapter.java:88)
	at com.sun.faces.application.ActionListenerImpl.processAction(ActionListenerImpl.java:101)
	at javax.faces.component.UICommand.broadcast(UICommand.java:315)
	at javax.faces.component.UIViewRoot.broadcastEvents(UIViewRoot.java:794)
	at javax.faces.component.UIViewRoot.processApplication(UIViewRoot.java:1259)
	at com.sun.faces.lifecycle.InvokeApplicationPhase.execute(InvokeApplicationPhase.java:81)
	at com.sun.faces.lifecycle.Phase.doPhase(Phase.java:101)
	at com.sun.faces.lifecycle.LifecycleImpl.execute(LifecycleImpl.java:118)
	at javax.faces.webapp.FacesServlet.service(FacesServlet.java:593)
	at org.apache.catalina.core.ApplicationFilterChain.internalDoFilter(ApplicationFilterChain.java:329)
	at org.apache.catalina.core.ApplicationFilterChain.doFilter(ApplicationFilterChain.java:248)
	at org.jboss.weld.servlet.ConversationPropagationFilter.doFilter(ConversationPropagationFilter.java:62)
	at org.apache.catalina.core.ApplicationFilterChain.internalDoFilter(ApplicationFilterChain.java:280)
	at org.apache.catalina.core.ApplicationFilterChain.doFilter(ApplicationFilterChain.java:248)
	at org.apache.catalina.core.StandardWrapperValve.invoke(StandardWrapperValve.java:275)
	at org.apache.catalina.core.StandardContextValve.invoke(StandardContextValve.java:161)
	at org.jboss.as.web.security.SecurityContextAssociationValve.invoke(SecurityContextAssociationValve.java:169)
	at org.apache.catalina.core.StandardHostValve.invoke(StandardHostValve.java:155)
	at org.apache.catalina.valves.ErrorReportValve.invoke(ErrorReportValve.java:102)
	at org.apache.catalina.core.StandardEngineValve.invoke(StandardEngineValve.java:109)
	at org.apache.catalina.connector.CoyoteAdapter.service(CoyoteAdapter.java:372)
	at org.apache.coyote.http11.Http11Processor.process(Http11Processor.java:877)
	at org.apache.coyote.http11.Http11Protocol$Http11ConnectionHandler.process(Http11Protocol.java:679)
	at org.apache.tomcat.util.net.JIoEndpoint$Worker.run(JIoEndpoint.java:931)
	at java.lang.Thread.run(Thread.java:662)

   Locked ownable synchronizers:
	- None

"http-/127.0.0.1:8080-1" daemon prio=10 tid=0x08400c00 nid=0x3781 in Object.wait() [0x4f2e0000]
   java.lang.Thread.State: WAITING (on object monitor)
	at java.lang.Object.wait(Native Method)
	- waiting on <0xabdbe918> (a java.lang.Object)
	at java.lang.Object.wait(Object.java:485)
	at org.jboss.ejb.client.EJBClientInvocationContext.awaitResponse(EJBClientInvocationContext.java:397)
	- locked <0xabdbe918> (a java.lang.Object)
	at org.jboss.ejb.client.EJBInvocationHandler.doInvoke(EJBInvocationHandler.java:140)
	at org.jboss.ejb.client.EJBInvocationHandler.doInvoke(EJBInvocationHandler.java:121)
	at org.jboss.ejb.client.EJBInvocationHandler.invoke(EJBInvocationHandler.java:104)
	at $Proxy21.greet(Unknown Source)
	at com.kylin.ejb.invocation.client.server.Greeter.setName(Greeter.java:27)
	at com.kylin.ejb.invocation.client.server.Greeter$Proxy$_$$_WeldClientProxy.setName(Greeter$Proxy$_$$_WeldClientProxy.java)
	at sun.reflect.NativeMethodAccessorImpl.invoke0(Native Method)
	at sun.reflect.NativeMethodAccessorImpl.invoke(NativeMethodAccessorImpl.java:39)
	at sun.reflect.DelegatingMethodAccessorImpl.invoke(DelegatingMethodAccessorImpl.java:25)
	at java.lang.reflect.Method.invoke(Method.java:597)
	at org.apache.el.parser.AstValue.invoke(AstValue.java:264)
	at org.apache.el.MethodExpressionImpl.invoke(MethodExpressionImpl.java:278)
	at org.jboss.weld.util.el.ForwardingMethodExpression.invoke(ForwardingMethodExpression.java:39)
	at org.jboss.weld.el.WeldMethodExpression.invoke(WeldMethodExpression.java:50)
	at com.sun.faces.facelets.el.TagMethodExpression.invoke(TagMethodExpression.java:105)
	at javax.faces.component.MethodBindingMethodExpressionAdapter.invoke(MethodBindingMethodExpressionAdapter.java:88)
	at com.sun.faces.application.ActionListenerImpl.processAction(ActionListenerImpl.java:101)
	at javax.faces.component.UICommand.broadcast(UICommand.java:315)
	at javax.faces.component.UIViewRoot.broadcastEvents(UIViewRoot.java:794)
	at javax.faces.component.UIViewRoot.processApplication(UIViewRoot.java:1259)
	at com.sun.faces.lifecycle.InvokeApplicationPhase.execute(InvokeApplicationPhase.java:81)
	at com.sun.faces.lifecycle.Phase.doPhase(Phase.java:101)
	at com.sun.faces.lifecycle.LifecycleImpl.execute(LifecycleImpl.java:118)
	at javax.faces.webapp.FacesServlet.service(FacesServlet.java:593)
	at org.apache.catalina.core.ApplicationFilterChain.internalDoFilter(ApplicationFilterChain.java:329)
	at org.apache.catalina.core.ApplicationFilterChain.doFilter(ApplicationFilterChain.java:248)
	at org.jboss.weld.servlet.ConversationPropagationFilter.doFilter(ConversationPropagationFilter.java:62)
	at org.apache.catalina.core.ApplicationFilterChain.internalDoFilter(ApplicationFilterChain.java:280)
	at org.apache.catalina.core.ApplicationFilterChain.doFilter(ApplicationFilterChain.java:248)
	at org.apache.catalina.core.StandardWrapperValve.invoke(StandardWrapperValve.java:275)
	at org.apache.catalina.core.StandardContextValve.invoke(StandardContextValve.java:161)
	at org.jboss.as.web.security.SecurityContextAssociationValve.invoke(SecurityContextAssociationValve.java:169)
	at org.apache.catalina.core.StandardHostValve.invoke(StandardHostValve.java:155)
	at org.apache.catalina.valves.ErrorReportValve.invoke(ErrorReportValve.java:102)
	at org.apache.catalina.core.StandardEngineValve.invoke(StandardEngineValve.java:109)
	at org.apache.catalina.connector.CoyoteAdapter.service(CoyoteAdapter.java:372)
	at org.apache.coyote.http11.Http11Processor.process(Http11Processor.java:877)
	at org.apache.coyote.http11.Http11Protocol$Http11ConnectionHandler.process(Http11Protocol.java:679)
	at org.apache.tomcat.util.net.JIoEndpoint$Worker.run(JIoEndpoint.java:931)
	at java.lang.Thread.run(Thread.java:662)

   Locked ownable synchronizers:
	- None

"Remoting "localhost" task-4" prio=10 tid=0x4d3ed000 nid=0x375f waiting on condition [0x4d2fe000]
   java.lang.Thread.State: WAITING (parking)
	at sun.misc.Unsafe.park(Native Method)
	- parking to wait for  <0x9e4e1c50> (a java.util.concurrent.locks.AbstractQueuedSynchronizer$ConditionObject)
	at java.util.concurrent.locks.LockSupport.park(LockSupport.java:156)
	at java.util.concurrent.locks.AbstractQueuedSynchronizer$ConditionObject.await(AbstractQueuedSynchronizer.java:1987)
	at java.util.concurrent.LinkedBlockingQueue.take(LinkedBlockingQueue.java:399)
	at org.xnio.LimitedBlockingQueue.take(LimitedBlockingQueue.java:95)
	at java.util.concurrent.ThreadPoolExecutor.getTask(ThreadPoolExecutor.java:947)
	at java.util.concurrent.ThreadPoolExecutor$Worker.run(ThreadPoolExecutor.java:907)
	at java.lang.Thread.run(Thread.java:662)

   Locked ownable synchronizers:
	- None

"Remoting "localhost" task-3" prio=10 tid=0x4d3eb400 nid=0x375e waiting on condition [0x4d65c000]
   java.lang.Thread.State: WAITING (parking)
	at sun.misc.Unsafe.park(Native Method)
	- parking to wait for  <0x9e4e1c50> (a java.util.concurrent.locks.AbstractQueuedSynchronizer$ConditionObject)
	at java.util.concurrent.locks.LockSupport.park(LockSupport.java:156)
	at java.util.concurrent.locks.AbstractQueuedSynchronizer$ConditionObject.await(AbstractQueuedSynchronizer.java:1987)
	at java.util.concurrent.LinkedBlockingQueue.take(LinkedBlockingQueue.java:399)
	at org.xnio.LimitedBlockingQueue.take(LimitedBlockingQueue.java:95)
	at java.util.concurrent.ThreadPoolExecutor.getTask(ThreadPoolExecutor.java:947)
	at java.util.concurrent.ThreadPoolExecutor$Worker.run(ThreadPoolExecutor.java:907)
	at java.lang.Thread.run(Thread.java:662)

   Locked ownable synchronizers:
	- None

"Remoting "localhost" task-2" prio=10 tid=0x4d3cf000 nid=0x375d waiting on condition [0x4d6ad000]
   java.lang.Thread.State: WAITING (parking)
	at sun.misc.Unsafe.park(Native Method)
	- parking to wait for  <0x9e4e1c50> (a java.util.concurrent.locks.AbstractQueuedSynchronizer$ConditionObject)
	at java.util.concurrent.locks.LockSupport.park(LockSupport.java:156)
	at java.util.concurrent.locks.AbstractQueuedSynchronizer$ConditionObject.await(AbstractQueuedSynchronizer.java:1987)
	at java.util.concurrent.LinkedBlockingQueue.take(LinkedBlockingQueue.java:399)
	at org.xnio.LimitedBlockingQueue.take(LimitedBlockingQueue.java:95)
	at java.util.concurrent.ThreadPoolExecutor.getTask(ThreadPoolExecutor.java:947)
	at java.util.concurrent.ThreadPoolExecutor$Worker.run(ThreadPoolExecutor.java:907)
	at java.lang.Thread.run(Thread.java:662)

   Locked ownable synchronizers:
	- None

"Remoting "localhost" task-1" prio=10 tid=0x4d3bfc00 nid=0x375c waiting on condition [0x4d6fe000]
   java.lang.Thread.State: WAITING (parking)
	at sun.misc.Unsafe.park(Native Method)
	- parking to wait for  <0x9e4e1c50> (a java.util.concurrent.locks.AbstractQueuedSynchronizer$ConditionObject)
	at java.util.concurrent.locks.LockSupport.park(LockSupport.java:156)
	at java.util.concurrent.locks.AbstractQueuedSynchronizer$ConditionObject.await(AbstractQueuedSynchronizer.java:1987)
	at java.util.concurrent.LinkedBlockingQueue.take(LinkedBlockingQueue.java:399)
	at org.xnio.LimitedBlockingQueue.take(LimitedBlockingQueue.java:95)
	at java.util.concurrent.ThreadPoolExecutor.getTask(ThreadPoolExecutor.java:947)
	at java.util.concurrent.ThreadPoolExecutor$Worker.run(ThreadPoolExecutor.java:907)
	at java.lang.Thread.run(Thread.java:662)

   Locked ownable synchronizers:
	- None

"Thread-64" prio=10 tid=0x4d925000 nid=0x375b runnable [0x4d899000]
   java.lang.Thread.State: RUNNABLE
	at sun.nio.ch.EPollArrayWrapper.epollWait(Native Method)
	at sun.nio.ch.EPollArrayWrapper.poll(EPollArrayWrapper.java:210)
	at sun.nio.ch.EPollSelectorImpl.doSelect(EPollSelectorImpl.java:65)
	at sun.nio.ch.SelectorImpl.lockAndDoSelect(SelectorImpl.java:69)
	- locked <0xa12d8228> (a sun.nio.ch.Util$2)
	- locked <0xa12d8218> (a java.util.Collections$UnmodifiableSet)
	- locked <0xa12d8030> (a sun.nio.ch.EPollSelectorImpl)
	at sun.nio.ch.SelectorImpl.select(SelectorImpl.java:80)
	at org.jboss.sun.net.httpserver.ServerImpl$Dispatcher.run(ServerImpl.java:382)
	at java.lang.Thread.run(Thread.java:662)

   Locked ownable synchronizers:
	- None

"server-timer" daemon prio=10 tid=0x50315000 nid=0x375a in Object.wait() [0x4da77000]
   java.lang.Thread.State: TIMED_WAITING (on object monitor)
	at java.lang.Object.wait(Native Method)
	- waiting on <0xa12deac0> (a java.util.TaskQueue)
	at java.util.TimerThread.mainLoop(Timer.java:509)
	- locked <0xa12deac0> (a java.util.TaskQueue)
	at java.util.TimerThread.run(Timer.java:462)

   Locked ownable synchronizers:
	- None

"http-/127.0.0.1:8080-Acceptor-0" daemon prio=10 tid=0x0830ac00 nid=0x3759 runnable [0x4db17000]
   java.lang.Thread.State: RUNNABLE
	at java.net.PlainSocketImpl.socketAccept(Native Method)
	at java.net.PlainSocketImpl.accept(PlainSocketImpl.java:408)
	- locked <0x9e903bc8> (a java.net.SocksSocketImpl)
	at java.net.ServerSocket.implAccept(ServerSocket.java:462)
	at java.net.ServerSocket.accept(ServerSocket.java:430)
	at org.apache.tomcat.util.net.DefaultServerSocketFactory.acceptSocket(DefaultServerSocketFactory.java:61)
	at org.apache.tomcat.util.net.JIoEndpoint$Acceptor.run(JIoEndpoint.java:322)
	at java.lang.Thread.run(Thread.java:662)

   Locked ownable synchronizers:
	- None

"http-/127.0.0.1:8080-Poller" daemon prio=10 tid=0x08293000 nid=0x3758 in Object.wait() [0x4db68000]
   java.lang.Thread.State: TIMED_WAITING (on object monitor)
	at java.lang.Object.wait(Native Method)
	- waiting on <0x9e90d0b8> (a org.apache.tomcat.util.net.JIoEndpoint$Poller)
	at org.apache.tomcat.util.net.JIoEndpoint$Poller.run(JIoEndpoint.java:743)
	- locked <0x9e90d0b8> (a org.apache.tomcat.util.net.JIoEndpoint$Poller)
	at java.lang.Thread.run(Thread.java:662)

   Locked ownable synchronizers:
	- None

"ContainerBackgroundProcessor[StandardEngine[jboss.web]]" daemon prio=10 tid=0x51837c00 nid=0x3757 waiting on condition [0x4dbd3000]
   java.lang.Thread.State: TIMED_WAITING (sleeping)
	at java.lang.Thread.sleep(Native Method)
	at org.apache.catalina.core.ContainerBase$ContainerBackgroundProcessor.run(ContainerBase.java:1580)
	at java.lang.Thread.run(Thread.java:662)

   Locked ownable synchronizers:
	- None

"Transaction Reaper Worker 0" daemon prio=10 tid=0x51069800 nid=0x3756 in Object.wait() [0x4dc58000]
   java.lang.Thread.State: WAITING (on object monitor)
	at java.lang.Object.wait(Native Method)
	- waiting on <0xa070a5b0> (a java.util.LinkedList)
	at java.lang.Object.wait(Object.java:485)
	at com.arjuna.ats.arjuna.coordinator.TransactionReaper.waitForCancellations(TransactionReaper.java:321)
	- locked <0xa070a5b0> (a java.util.LinkedList)
	at com.arjuna.ats.internal.arjuna.coordinator.ReaperWorkerThread.run(ReaperWorkerThread.java:65)

   Locked ownable synchronizers:
	- None

"Transaction Reaper" daemon prio=10 tid=0x51069000 nid=0x3755 in Object.wait() [0x4dca9000]
   java.lang.Thread.State: TIMED_WAITING (on object monitor)
	at java.lang.Object.wait(Native Method)
	- waiting on <0xa0706c68> (a com.arjuna.ats.arjuna.coordinator.TransactionReaper)
	at com.arjuna.ats.internal.arjuna.coordinator.ReaperThread.run(ReaperThread.java:90)
	- locked <0xa0706c68> (a com.arjuna.ats.arjuna.coordinator.TransactionReaper)

   Locked ownable synchronizers:
	- None

"Periodic Recovery" prio=10 tid=0x509d8c00 nid=0x3754 in Object.wait() [0x4dcfe000]
   java.lang.Thread.State: TIMED_WAITING (on object monitor)
	at java.lang.Object.wait(Native Method)
	- waiting on <0x9f1d1108> (a java.lang.Object)
	at com.arjuna.ats.internal.arjuna.recovery.PeriodicRecovery.doPeriodicWait(PeriodicRecovery.java:672)
	at com.arjuna.ats.internal.arjuna.recovery.PeriodicRecovery.run(PeriodicRecovery.java:392)
	- locked <0x9f1d1108> (a java.lang.Object)

   Locked ownable synchronizers:
	- None

"Transaction Expired Entry Monitor" daemon prio=10 tid=0x509d7000 nid=0x3753 in Object.wait() [0x4de9b000]
   java.lang.Thread.State: TIMED_WAITING (on object monitor)
	at java.lang.Object.wait(Native Method)
	- waiting on <0x9f1c85e0> (a com.arjuna.ats.internal.arjuna.recovery.ExpiredEntryMonitor)
	at com.arjuna.ats.internal.arjuna.recovery.ExpiredEntryMonitor.run(ExpiredEntryMonitor.java:190)
	- locked <0x9f1c85e0> (a com.arjuna.ats.internal.arjuna.recovery.ExpiredEntryMonitor)

   Locked ownable synchronizers:
	- None

"Timer-0" prio=10 tid=0x082bb000 nid=0x3752 in Object.wait() [0x4defe000]
   java.lang.Thread.State: WAITING (on object monitor)
	at java.lang.Object.wait(Native Method)
	- waiting on <0x9e8660b0> (a java.util.TaskQueue)
	at java.lang.Object.wait(Object.java:485)
	at java.util.TimerThread.mainLoop(Timer.java:483)
	- locked <0x9e8660b0> (a java.util.TaskQueue)
	at java.util.TimerThread.run(Timer.java:462)

   Locked ownable synchronizers:
	- None

"ConnectionValidator" daemon prio=10 tid=0x50e4dc00 nid=0x3751 waiting on condition [0x4e073000]
   java.lang.Thread.State: TIMED_WAITING (parking)
	at sun.misc.Unsafe.park(Native Method)
	- parking to wait for  <0x9f2fe2b8> (a java.util.concurrent.locks.AbstractQueuedSynchronizer$ConditionObject)
	at java.util.concurrent.locks.LockSupport.parkNanos(LockSupport.java:196)
	at java.util.concurrent.locks.AbstractQueuedSynchronizer$ConditionObject.await(AbstractQueuedSynchronizer.java:2116)
	at org.jboss.jca.core.connectionmanager.pool.validator.ConnectionValidator$ConnectionValidatorRunner.run(ConnectionValidator.java:263)
	at java.util.concurrent.ThreadPoolExecutor$Worker.runTask(ThreadPoolExecutor.java:886)
	at java.util.concurrent.ThreadPoolExecutor$Worker.run(ThreadPoolExecutor.java:908)
	at java.lang.Thread.run(Thread.java:662)

   Locked ownable synchronizers:
	- <0x9f3036a8> (a java.util.concurrent.locks.ReentrantLock$NonfairSync)

"IdleRemover" daemon prio=10 tid=0x518c4800 nid=0x3750 waiting on condition [0x4e0c4000]
   java.lang.Thread.State: TIMED_WAITING (parking)
	at sun.misc.Unsafe.park(Native Method)
	- parking to wait for  <0x9cac2e90> (a java.util.concurrent.locks.AbstractQueuedSynchronizer$ConditionObject)
	at java.util.concurrent.locks.LockSupport.parkNanos(LockSupport.java:196)
	at java.util.concurrent.locks.AbstractQueuedSynchronizer$ConditionObject.await(AbstractQueuedSynchronizer.java:2116)
	at org.jboss.jca.core.connectionmanager.pool.idle.IdleRemover$IdleRemoverRunner.run(IdleRemover.java:261)
	at java.util.concurrent.ThreadPoolExecutor$Worker.runTask(ThreadPoolExecutor.java:886)
	at java.util.concurrent.ThreadPoolExecutor$Worker.run(ThreadPoolExecutor.java:908)
	at java.lang.Thread.run(Thread.java:662)

   Locked ownable synchronizers:
	- <0x9cac8328> (a java.util.concurrent.locks.ReentrantLock$NonfairSync)

"Remoting "localhost" write-1" prio=10 tid=0x50732400 nid=0x374f runnable [0x4e115000]
   java.lang.Thread.State: RUNNABLE
	at sun.nio.ch.EPollArrayWrapper.epollWait(Native Method)
	at sun.nio.ch.EPollArrayWrapper.poll(EPollArrayWrapper.java:210)
	at sun.nio.ch.EPollSelectorImpl.doSelect(EPollSelectorImpl.java:65)
	at sun.nio.ch.SelectorImpl.lockAndDoSelect(SelectorImpl.java:69)
	- locked <0x9e4e2b28> (a sun.nio.ch.Util$2)
	- locked <0x9e4e2b18> (a java.util.Collections$UnmodifiableSet)
	- locked <0x9e4e2930> (a sun.nio.ch.EPollSelectorImpl)
	at sun.nio.ch.SelectorImpl.select(SelectorImpl.java:80)
	at org.xnio.nio.WorkerThread.run(WorkerThread.java:157)

   Locked ownable synchronizers:
	- None

"Remoting "localhost" read-1" prio=10 tid=0x4e926400 nid=0x374e runnable [0x4e166000]
   java.lang.Thread.State: RUNNABLE
	at sun.nio.ch.EPollArrayWrapper.epollWait(Native Method)
	at sun.nio.ch.EPollArrayWrapper.poll(EPollArrayWrapper.java:210)
	at sun.nio.ch.EPollSelectorImpl.doSelect(EPollSelectorImpl.java:65)
	at sun.nio.ch.SelectorImpl.lockAndDoSelect(SelectorImpl.java:69)
	- locked <0x9e4e20b8> (a sun.nio.ch.Util$2)
	- locked <0x9e4e20a8> (a java.util.Collections$UnmodifiableSet)
	- locked <0x9e4e1ec0> (a sun.nio.ch.EPollSelectorImpl)
	at sun.nio.ch.SelectorImpl.select(SelectorImpl.java:80)
	at sun.nio.ch.SelectorImpl.select(SelectorImpl.java:84)
	at org.xnio.nio.WorkerThread.run(WorkerThread.java:153)

   Locked ownable synchronizers:
	- None

"Remoting "localhost:MANAGEMENT" write-1" prio=10 tid=0x4e912000 nid=0x3735 runnable [0x4ea69000]
   java.lang.Thread.State: RUNNABLE
	at sun.nio.ch.EPollArrayWrapper.epollWait(Native Method)
	at sun.nio.ch.EPollArrayWrapper.poll(EPollArrayWrapper.java:210)
	at sun.nio.ch.EPollSelectorImpl.doSelect(EPollSelectorImpl.java:65)
	at sun.nio.ch.SelectorImpl.lockAndDoSelect(SelectorImpl.java:69)
	- locked <0xb050d1b0> (a sun.nio.ch.Util$2)
	- locked <0xb050d1a0> (a java.util.Collections$UnmodifiableSet)
	- locked <0xb050cfa8> (a sun.nio.ch.EPollSelectorImpl)
	at sun.nio.ch.SelectorImpl.select(SelectorImpl.java:80)
	at sun.nio.ch.SelectorImpl.select(SelectorImpl.java:84)
	at org.xnio.nio.WorkerThread.run(WorkerThread.java:153)

   Locked ownable synchronizers:
	- None

"Remoting "localhost:MANAGEMENT" read-1" prio=10 tid=0x4f7fd800 nid=0x3734 runnable [0x4eaba000]
   java.lang.Thread.State: RUNNABLE
	at sun.nio.ch.EPollArrayWrapper.epollWait(Native Method)
	at sun.nio.ch.EPollArrayWrapper.poll(EPollArrayWrapper.java:210)
	at sun.nio.ch.EPollSelectorImpl.doSelect(EPollSelectorImpl.java:65)
	at sun.nio.ch.SelectorImpl.lockAndDoSelect(SelectorImpl.java:69)
	- locked <0xb050cc00> (a sun.nio.ch.Util$2)
	- locked <0xb050cbf0> (a java.util.Collections$UnmodifiableSet)
	- locked <0xb050c9f0> (a sun.nio.ch.EPollSelectorImpl)
	at sun.nio.ch.SelectorImpl.select(SelectorImpl.java:80)
	at sun.nio.ch.SelectorImpl.select(SelectorImpl.java:84)
	at org.xnio.nio.WorkerThread.run(WorkerThread.java:153)

   Locked ownable synchronizers:
	- None

"DeploymentScanner-threads - 2" prio=10 tid=0x50e72800 nid=0x3733 waiting on condition [0x4eb0b000]
   java.lang.Thread.State: TIMED_WAITING (parking)
	at sun.misc.Unsafe.park(Native Method)
	- parking to wait for  <0xb03f16c8> (a java.util.concurrent.locks.AbstractQueuedSynchronizer$ConditionObject)
	at java.util.concurrent.locks.LockSupport.parkNanos(LockSupport.java:196)
	at java.util.concurrent.locks.AbstractQueuedSynchronizer$ConditionObject.awaitNanos(AbstractQueuedSynchronizer.java:2025)
	at java.util.concurrent.DelayQueue.take(DelayQueue.java:164)
	at java.util.concurrent.ScheduledThreadPoolExecutor$DelayedWorkQueue.take(ScheduledThreadPoolExecutor.java:609)
	at java.util.concurrent.ScheduledThreadPoolExecutor$DelayedWorkQueue.take(ScheduledThreadPoolExecutor.java:602)
	at java.util.concurrent.ThreadPoolExecutor.getTask(ThreadPoolExecutor.java:947)
	at java.util.concurrent.ThreadPoolExecutor$Worker.run(ThreadPoolExecutor.java:907)
	at java.lang.Thread.run(Thread.java:662)
	at org.jboss.threads.JBossThread.run(JBossThread.java:122)

   Locked ownable synchronizers:
	- None

"DeploymentScanner-threads - 1" prio=10 tid=0x5047f000 nid=0x3732 waiting on condition [0x4eb5c000]
   java.lang.Thread.State: TIMED_WAITING (parking)
	at sun.misc.Unsafe.park(Native Method)
	- parking to wait for  <0xb03f16c8> (a java.util.concurrent.locks.AbstractQueuedSynchronizer$ConditionObject)
	at java.util.concurrent.locks.LockSupport.parkNanos(LockSupport.java:196)
	at java.util.concurrent.locks.AbstractQueuedSynchronizer$ConditionObject.awaitNanos(AbstractQueuedSynchronizer.java:2025)
	at java.util.concurrent.DelayQueue.take(DelayQueue.java:164)
	at java.util.concurrent.ScheduledThreadPoolExecutor$DelayedWorkQueue.take(ScheduledThreadPoolExecutor.java:609)
	at java.util.concurrent.ScheduledThreadPoolExecutor$DelayedWorkQueue.take(ScheduledThreadPoolExecutor.java:602)
	at java.util.concurrent.ThreadPoolExecutor.getTask(ThreadPoolExecutor.java:947)
	at java.util.concurrent.ThreadPoolExecutor$Worker.run(ThreadPoolExecutor.java:907)
	at java.lang.Thread.run(Thread.java:662)
	at org.jboss.threads.JBossThread.run(JBossThread.java:122)

   Locked ownable synchronizers:
	- None

"DestroyJavaVM" prio=10 tid=0xb6a05400 nid=0x36ea waiting on condition [0x00000000]
   java.lang.Thread.State: RUNNABLE

   Locked ownable synchronizers:
	- None

"MSC service thread 1-8" prio=10 tid=0x50363400 nid=0x3717 waiting on condition [0x4fcfe000]
   java.lang.Thread.State: WAITING (parking)
	at sun.misc.Unsafe.park(Native Method)
	- parking to wait for  <0xb05cced8> (a java.util.concurrent.locks.AbstractQueuedSynchronizer$ConditionObject)
	at java.util.concurrent.locks.LockSupport.park(LockSupport.java:156)
	at java.util.concurrent.locks.AbstractQueuedSynchronizer$ConditionObject.await(AbstractQueuedSynchronizer.java:1987)
	at java.util.concurrent.LinkedBlockingQueue.take(LinkedBlockingQueue.java:399)
	at java.util.concurrent.ThreadPoolExecutor.getTask(ThreadPoolExecutor.java:947)
	at java.util.concurrent.ThreadPoolExecutor$Worker.run(ThreadPoolExecutor.java:907)
	at java.lang.Thread.run(Thread.java:662)

   Locked ownable synchronizers:
	- None

"MSC service thread 1-7" prio=10 tid=0x50689c00 nid=0x3716 waiting on condition [0x4fe5c000]
   java.lang.Thread.State: WAITING (parking)
	at sun.misc.Unsafe.park(Native Method)
	- parking to wait for  <0xb05cced8> (a java.util.concurrent.locks.AbstractQueuedSynchronizer$ConditionObject)
	at java.util.concurrent.locks.LockSupport.park(LockSupport.java:156)
	at java.util.concurrent.locks.AbstractQueuedSynchronizer$ConditionObject.await(AbstractQueuedSynchronizer.java:1987)
	at java.util.concurrent.LinkedBlockingQueue.take(LinkedBlockingQueue.java:399)
	at java.util.concurrent.ThreadPoolExecutor.getTask(ThreadPoolExecutor.java:947)
	at java.util.concurrent.ThreadPoolExecutor$Worker.run(ThreadPoolExecutor.java:907)
	at java.lang.Thread.run(Thread.java:662)

   Locked ownable synchronizers:
	- None

"MSC service thread 1-6" prio=10 tid=0x50e03c00 nid=0x3715 waiting on condition [0x4fead000]
   java.lang.Thread.State: WAITING (parking)
	at sun.misc.Unsafe.park(Native Method)
	- parking to wait for  <0xb05cced8> (a java.util.concurrent.locks.AbstractQueuedSynchronizer$ConditionObject)
	at java.util.concurrent.locks.LockSupport.park(LockSupport.java:156)
	at java.util.concurrent.locks.AbstractQueuedSynchronizer$ConditionObject.await(AbstractQueuedSynchronizer.java:1987)
	at java.util.concurrent.LinkedBlockingQueue.take(LinkedBlockingQueue.java:399)
	at java.util.concurrent.ThreadPoolExecutor.getTask(ThreadPoolExecutor.java:947)
	at java.util.concurrent.ThreadPoolExecutor$Worker.run(ThreadPoolExecutor.java:907)
	at java.lang.Thread.run(Thread.java:662)

   Locked ownable synchronizers:
	- None

"MSC service thread 1-5" prio=10 tid=0x4fda1800 nid=0x3714 waiting on condition [0x4fefe000]
   java.lang.Thread.State: WAITING (parking)
	at sun.misc.Unsafe.park(Native Method)
	- parking to wait for  <0xb05cced8> (a java.util.concurrent.locks.AbstractQueuedSynchronizer$ConditionObject)
	at java.util.concurrent.locks.LockSupport.park(LockSupport.java:156)
	at java.util.concurrent.locks.AbstractQueuedSynchronizer$ConditionObject.await(AbstractQueuedSynchronizer.java:1987)
	at java.util.concurrent.LinkedBlockingQueue.take(LinkedBlockingQueue.java:399)
	at java.util.concurrent.ThreadPoolExecutor.getTask(ThreadPoolExecutor.java:947)
	at java.util.concurrent.ThreadPoolExecutor$Worker.run(ThreadPoolExecutor.java:907)
	at java.lang.Thread.run(Thread.java:662)

   Locked ownable synchronizers:
	- None

"MSC service thread 1-4" prio=10 tid=0x4fbc6800 nid=0x3713 waiting on condition [0x5025c000]
   java.lang.Thread.State: WAITING (parking)
	at sun.misc.Unsafe.park(Native Method)
	- parking to wait for  <0xb05cced8> (a java.util.concurrent.locks.AbstractQueuedSynchronizer$ConditionObject)
	at java.util.concurrent.locks.LockSupport.park(LockSupport.java:156)
	at java.util.concurrent.locks.AbstractQueuedSynchronizer$ConditionObject.await(AbstractQueuedSynchronizer.java:1987)
	at java.util.concurrent.LinkedBlockingQueue.take(LinkedBlockingQueue.java:399)
	at java.util.concurrent.ThreadPoolExecutor.getTask(ThreadPoolExecutor.java:947)
	at java.util.concurrent.ThreadPoolExecutor$Worker.run(ThreadPoolExecutor.java:907)
	at java.lang.Thread.run(Thread.java:662)

   Locked ownable synchronizers:
	- None

"MSC service thread 1-3" prio=10 tid=0x0824cc00 nid=0x3712 waiting on condition [0x502ad000]
   java.lang.Thread.State: WAITING (parking)
	at sun.misc.Unsafe.park(Native Method)
	- parking to wait for  <0xb05cced8> (a java.util.concurrent.locks.AbstractQueuedSynchronizer$ConditionObject)
	at java.util.concurrent.locks.LockSupport.park(LockSupport.java:156)
	at java.util.concurrent.locks.AbstractQueuedSynchronizer$ConditionObject.await(AbstractQueuedSynchronizer.java:1987)
	at java.util.concurrent.LinkedBlockingQueue.take(LinkedBlockingQueue.java:399)
	at java.util.concurrent.ThreadPoolExecutor.getTask(ThreadPoolExecutor.java:947)
	at java.util.concurrent.ThreadPoolExecutor$Worker.run(ThreadPoolExecutor.java:907)
	at java.lang.Thread.run(Thread.java:662)

   Locked ownable synchronizers:
	- None

"MSC service thread 1-2" prio=10 tid=0x4fbc5c00 nid=0x3711 waiting on condition [0x502fe000]
   java.lang.Thread.State: WAITING (parking)
	at sun.misc.Unsafe.park(Native Method)
	- parking to wait for  <0xb05cced8> (a java.util.concurrent.locks.AbstractQueuedSynchronizer$ConditionObject)
	at java.util.concurrent.locks.LockSupport.park(LockSupport.java:156)
	at java.util.concurrent.locks.AbstractQueuedSynchronizer$ConditionObject.await(AbstractQueuedSynchronizer.java:1987)
	at java.util.concurrent.LinkedBlockingQueue.take(LinkedBlockingQueue.java:399)
	at java.util.concurrent.ThreadPoolExecutor.getTask(ThreadPoolExecutor.java:947)
	at java.util.concurrent.ThreadPoolExecutor$Worker.run(ThreadPoolExecutor.java:907)
	at java.lang.Thread.run(Thread.java:662)

   Locked ownable synchronizers:
	- None

"MSC service thread 1-1" prio=10 tid=0x4fba6800 nid=0x3710 waiting on condition [0x50b52000]
   java.lang.Thread.State: WAITING (parking)
	at sun.misc.Unsafe.park(Native Method)
	- parking to wait for  <0xb05cced8> (a java.util.concurrent.locks.AbstractQueuedSynchronizer$ConditionObject)
	at java.util.concurrent.locks.LockSupport.park(LockSupport.java:156)
	at java.util.concurrent.locks.AbstractQueuedSynchronizer$ConditionObject.await(AbstractQueuedSynchronizer.java:1987)
	at java.util.concurrent.LinkedBlockingQueue.take(LinkedBlockingQueue.java:399)
	at java.util.concurrent.ThreadPoolExecutor.getTask(ThreadPoolExecutor.java:947)
	at java.util.concurrent.ThreadPoolExecutor$Worker.run(ThreadPoolExecutor.java:907)
	at java.lang.Thread.run(Thread.java:662)

   Locked ownable synchronizers:
	- None

"Reference Reaper" daemon prio=10 tid=0x50a1b400 nid=0x36f7 in Object.wait() [0x50f7d000]
   java.lang.Thread.State: WAITING (on object monitor)
	at java.lang.Object.wait(Native Method)
	- waiting on <0xb0317478> (a java.lang.ref.ReferenceQueue$Lock)
	at java.lang.ref.ReferenceQueue.remove(ReferenceQueue.java:118)
	- locked <0xb0317478> (a java.lang.ref.ReferenceQueue$Lock)
	at java.lang.ref.ReferenceQueue.remove(ReferenceQueue.java:134)
	at org.jboss.modules.ref.References$ReaperThread.run(References.java:68)

   Locked ownable synchronizers:
	- None

"Low Memory Detector" daemon prio=10 tid=0xb6abc800 nid=0x36f5 runnable [0x00000000]
   java.lang.Thread.State: RUNNABLE

   Locked ownable synchronizers:
	- None

"C2 CompilerThread1" daemon prio=10 tid=0xb6abac00 nid=0x36f4 waiting on condition [0x00000000]
   java.lang.Thread.State: RUNNABLE

   Locked ownable synchronizers:
	- None

"C2 CompilerThread0" daemon prio=10 tid=0xb6ab8c00 nid=0x36f3 waiting on condition [0x00000000]
   java.lang.Thread.State: RUNNABLE

   Locked ownable synchronizers:
	- None

"Signal Dispatcher" daemon prio=10 tid=0xb6ab7400 nid=0x36f2 runnable [0x00000000]
   java.lang.Thread.State: RUNNABLE

   Locked ownable synchronizers:
	- None

"Finalizer" daemon prio=10 tid=0xb6aa9000 nid=0x36f1 in Object.wait() [0x5197d000]
   java.lang.Thread.State: WAITING (on object monitor)
	at java.lang.Object.wait(Native Method)
	- waiting on <0xb088ce48> (a java.lang.ref.ReferenceQueue$Lock)
	at java.lang.ref.ReferenceQueue.remove(ReferenceQueue.java:118)
	- locked <0xb088ce48> (a java.lang.ref.ReferenceQueue$Lock)
	at java.lang.ref.ReferenceQueue.remove(ReferenceQueue.java:134)
	at java.lang.ref.Finalizer$FinalizerThread.run(Finalizer.java:159)

   Locked ownable synchronizers:
	- None

"Reference Handler" daemon prio=10 tid=0xb6aa7800 nid=0x36f0 in Object.wait() [0x511e1000]
   java.lang.Thread.State: WAITING (on object monitor)
	at java.lang.Object.wait(Native Method)
	- waiting on <0xb068d298> (a java.lang.ref.Reference$Lock)
	at java.lang.Object.wait(Object.java:485)
	at java.lang.ref.Reference$ReferenceHandler.run(Reference.java:116)
	- locked <0xb068d298> (a java.lang.ref.Reference$Lock)

   Locked ownable synchronizers:
	- None

"VM Thread" prio=10 tid=0xb6aa3c00 nid=0x36ef runnable 

"GC task thread#0 (ParallelGC)" prio=10 tid=0xb6a0c400 nid=0x36eb runnable 

"GC task thread#1 (ParallelGC)" prio=10 tid=0xb6a0dc00 nid=0x36ec runnable 

"GC task thread#2 (ParallelGC)" prio=10 tid=0xb6a0f000 nid=0x36ed runnable 

"GC task thread#3 (ParallelGC)" prio=10 tid=0xb6a10800 nid=0x36ee runnable 

"VM Periodic Task Thread" prio=10 tid=0xb6abe800 nid=0x36f6 waiting on condition 

JNI global references: 1641

