2013-07-12 15:38:39
Full thread dump Java HotSpot(TM) Server VM (20.6-b01 mixed mode):

"Attach Listener" daemon prio=10 tid=0x50e66c00 nid=0x33a3 waiting on condition [0x00000000]
   java.lang.Thread.State: RUNNABLE

   Locked ownable synchronizers:
	- None

"EJB default - 3" prio=10 tid=0x4fbaec00 nid=0x335e waiting on condition [0x4f85a000]
   java.lang.Thread.State: TIMED_WAITING (sleeping)
	at java.lang.Thread.sleep(Native Method)
	at com.kylin.ejb.invocation.service.GreeterBean.greet(GreeterBean.java:13)
	at sun.reflect.NativeMethodAccessorImpl.invoke0(Native Method)
	at sun.reflect.NativeMethodAccessorImpl.invoke(NativeMethodAccessorImpl.java:39)
	at sun.reflect.DelegatingMethodAccessorImpl.invoke(DelegatingMethodAccessorImpl.java:25)
	at java.lang.reflect.Method.invoke(Method.java:597)
	at org.jboss.as.ee.component.ManagedReferenceMethodInterceptorFactory$ManagedReferenceMethodInterceptor.processInvocation(ManagedReferenceMethodInterceptorFactory.java:72)
	at org.jboss.invocation.InterceptorContext.proceed(InterceptorContext.java:288)
	at org.jboss.invocation.WeavedInterceptor.processInvocation(WeavedInterceptor.java:53)
	at org.jboss.as.ee.component.interceptors.UserInterceptorFactory$1.processInvocation(UserInterceptorFactory.java:36)
	at org.jboss.invocation.InterceptorContext.proceed(InterceptorContext.java:288)
	at org.jboss.as.ejb3.component.invocationmetrics.ExecutionTimeInterceptor.processInvocation(ExecutionTimeInterceptor.java:43)
	at org.jboss.invocation.InterceptorContext.proceed(InterceptorContext.java:288)
	at org.jboss.as.jpa.interceptor.SBInvocationInterceptor.processInvocation(SBInvocationInterceptor.java:47)
	at org.jboss.invocation.InterceptorContext.proceed(InterceptorContext.java:288)
	at org.jboss.invocation.InitialInterceptor.processInvocation(InitialInterceptor.java:21)
	at org.jboss.invocation.InterceptorContext.proceed(InterceptorContext.java:288)
	at org.jboss.invocation.ChainedInterceptor.processInvocation(ChainedInterceptor.java:61)
	at org.jboss.as.ee.component.interceptors.ComponentDispatcherInterceptor.processInvocation(ComponentDispatcherInterceptor.java:53)
	at org.jboss.invocation.InterceptorContext.proceed(InterceptorContext.java:288)
	at org.jboss.as.ejb3.component.pool.PooledInstanceInterceptor.processInvocation(PooledInstanceInterceptor.java:51)
	at org.jboss.invocation.InterceptorContext.proceed(InterceptorContext.java:288)
	at org.jboss.as.ejb3.tx.CMTTxInterceptor.invokeInOurTx(CMTTxInterceptor.java:226)
	at org.jboss.as.ejb3.tx.CMTTxInterceptor.required(CMTTxInterceptor.java:302)
	at org.jboss.as.ejb3.tx.CMTTxInterceptor.processInvocation(CMTTxInterceptor.java:188)
	at org.jboss.invocation.InterceptorContext.proceed(InterceptorContext.java:288)
	at org.jboss.as.ejb3.remote.EJBRemoteTransactionPropagatingInterceptor.processInvocation(EJBRemoteTransactionPropagatingInterceptor.java:79)
	at org.jboss.invocation.InterceptorContext.proceed(InterceptorContext.java:288)
	at org.jboss.as.ejb3.component.interceptors.CurrentInvocationContextInterceptor.processInvocation(CurrentInvocationContextInterceptor.java:41)
	at org.jboss.invocation.InterceptorContext.proceed(InterceptorContext.java:288)
	at org.jboss.as.ejb3.component.interceptors.ShutDownInterceptorFactory$1.processInvocation(ShutDownInterceptorFactory.java:42)
	at org.jboss.invocation.InterceptorContext.proceed(InterceptorContext.java:288)
	at org.jboss.as.ejb3.component.interceptors.LoggingInterceptor.processInvocation(LoggingInterceptor.java:59)
	at org.jboss.invocation.InterceptorContext.proceed(InterceptorContext.java:288)
	at org.jboss.as.ee.component.NamespaceContextInterceptor.processInvocation(NamespaceContextInterceptor.java:50)
	at org.jboss.invocation.InterceptorContext.proceed(InterceptorContext.java:288)
	at org.jboss.as.ejb3.component.interceptors.AdditionalSetupInterceptor.processInvocation(AdditionalSetupInterceptor.java:43)
	at org.jboss.invocation.InterceptorContext.proceed(InterceptorContext.java:288)
	at org.jboss.as.ee.component.TCCLInterceptor.processInvocation(TCCLInterceptor.java:45)
	at org.jboss.invocation.InterceptorContext.proceed(InterceptorContext.java:288)
	at org.jboss.invocation.ChainedInterceptor.processInvocation(ChainedInterceptor.java:61)
	at org.jboss.as.ee.component.ViewService$View.invoke(ViewService.java:165)
	at org.jboss.as.ejb3.remote.protocol.versionone.MethodInvocationMessageHandler.invokeMethod(MethodInvocationMessageHandler.java:321)
	at org.jboss.as.ejb3.remote.protocol.versionone.MethodInvocationMessageHandler.access$100(MethodInvocationMessageHandler.java:69)
	at org.jboss.as.ejb3.remote.protocol.versionone.MethodInvocationMessageHandler$1.run(MethodInvocationMessageHandler.java:202)
	at java.util.concurrent.Executors$RunnableAdapter.call(Executors.java:441)
	at java.util.concurrent.FutureTask$Sync.innerRun(FutureTask.java:303)
	at java.util.concurrent.FutureTask.run(FutureTask.java:138)
	at java.util.concurrent.ThreadPoolExecutor$Worker.runTask(ThreadPoolExecutor.java:886)
	at java.util.concurrent.ThreadPoolExecutor$Worker.run(ThreadPoolExecutor.java:908)
	at java.lang.Thread.run(Thread.java:662)
	at org.jboss.threads.JBossThread.run(JBossThread.java:122)

   Locked ownable synchronizers:
	- <0xa60bb120> (a java.util.concurrent.locks.ReentrantLock$NonfairSync)

"EJB default - 2" prio=10 tid=0x516fe400 nid=0x2e62 waiting on condition [0x4f717000]
   java.lang.Thread.State: WAITING (parking)
	at sun.misc.Unsafe.park(Native Method)
	- parking to wait for  <0x9b1efaf8> (a java.util.concurrent.locks.AbstractQueuedSynchronizer$ConditionObject)
	at java.util.concurrent.locks.LockSupport.park(LockSupport.java:156)
	at java.util.concurrent.locks.AbstractQueuedSynchronizer$ConditionObject.await(AbstractQueuedSynchronizer.java:1987)
	at java.util.concurrent.LinkedBlockingQueue.take(LinkedBlockingQueue.java:399)
	at java.util.concurrent.ThreadPoolExecutor.getTask(ThreadPoolExecutor.java:947)
	at java.util.concurrent.ThreadPoolExecutor$Worker.run(ThreadPoolExecutor.java:907)
	at java.lang.Thread.run(Thread.java:662)
	at org.jboss.threads.JBossThread.run(JBossThread.java:122)

   Locked ownable synchronizers:
	- None

"EJB default - 1" prio=10 tid=0x0960e800 nid=0x2e0f waiting on condition [0x4f43e000]
   java.lang.Thread.State: WAITING (parking)
	at sun.misc.Unsafe.park(Native Method)
	- parking to wait for  <0x9b1efaf8> (a java.util.concurrent.locks.AbstractQueuedSynchronizer$ConditionObject)
	at java.util.concurrent.locks.LockSupport.park(LockSupport.java:156)
	at java.util.concurrent.locks.AbstractQueuedSynchronizer$ConditionObject.await(AbstractQueuedSynchronizer.java:1987)
	at java.util.concurrent.LinkedBlockingQueue.take(LinkedBlockingQueue.java:399)
	at java.util.concurrent.ThreadPoolExecutor.getTask(ThreadPoolExecutor.java:947)
	at java.util.concurrent.ThreadPoolExecutor$Worker.run(ThreadPoolExecutor.java:907)
	at java.lang.Thread.run(Thread.java:662)
	at org.jboss.threads.JBossThread.run(JBossThread.java:122)

   Locked ownable synchronizers:
	- None

"Remoting "localhost" task-4" prio=10 tid=0x09605800 nid=0x2e0e waiting on condition [0x4f675000]
   java.lang.Thread.State: WAITING (parking)
	at sun.misc.Unsafe.park(Native Method)
	- parking to wait for  <0x9bc31de0> (a java.util.concurrent.locks.AbstractQueuedSynchronizer$ConditionObject)
	at java.util.concurrent.locks.LockSupport.park(LockSupport.java:156)
	at java.util.concurrent.locks.AbstractQueuedSynchronizer$ConditionObject.await(AbstractQueuedSynchronizer.java:1987)
	at java.util.concurrent.LinkedBlockingQueue.take(LinkedBlockingQueue.java:399)
	at org.xnio.LimitedBlockingQueue.take(LimitedBlockingQueue.java:95)
	at java.util.concurrent.ThreadPoolExecutor.getTask(ThreadPoolExecutor.java:947)
	at java.util.concurrent.ThreadPoolExecutor$Worker.run(ThreadPoolExecutor.java:907)
	at java.lang.Thread.run(Thread.java:662)

   Locked ownable synchronizers:
	- None

"Remoting "localhost" task-3" prio=10 tid=0x09605000 nid=0x2e0c waiting on condition [0x4ee50000]
   java.lang.Thread.State: WAITING (parking)
	at sun.misc.Unsafe.park(Native Method)
	- parking to wait for  <0x9bc31de0> (a java.util.concurrent.locks.AbstractQueuedSynchronizer$ConditionObject)
	at java.util.concurrent.locks.LockSupport.park(LockSupport.java:156)
	at java.util.concurrent.locks.AbstractQueuedSynchronizer$ConditionObject.await(AbstractQueuedSynchronizer.java:1987)
	at java.util.concurrent.LinkedBlockingQueue.take(LinkedBlockingQueue.java:399)
	at org.xnio.LimitedBlockingQueue.take(LimitedBlockingQueue.java:95)
	at java.util.concurrent.ThreadPoolExecutor.getTask(ThreadPoolExecutor.java:947)
	at java.util.concurrent.ThreadPoolExecutor$Worker.run(ThreadPoolExecutor.java:907)
	at java.lang.Thread.run(Thread.java:662)

   Locked ownable synchronizers:
	- None

"Remoting "localhost" task-2" prio=10 tid=0x095f7800 nid=0x2e0a waiting on condition [0x4f768000]
   java.lang.Thread.State: WAITING (parking)
	at sun.misc.Unsafe.park(Native Method)
	- parking to wait for  <0x9bc31de0> (a java.util.concurrent.locks.AbstractQueuedSynchronizer$ConditionObject)
	at java.util.concurrent.locks.LockSupport.park(LockSupport.java:156)
	at java.util.concurrent.locks.AbstractQueuedSynchronizer$ConditionObject.await(AbstractQueuedSynchronizer.java:1987)
	at java.util.concurrent.LinkedBlockingQueue.take(LinkedBlockingQueue.java:399)
	at org.xnio.LimitedBlockingQueue.take(LimitedBlockingQueue.java:95)
	at java.util.concurrent.ThreadPoolExecutor.getTask(ThreadPoolExecutor.java:947)
	at java.util.concurrent.ThreadPoolExecutor$Worker.run(ThreadPoolExecutor.java:907)
	at java.lang.Thread.run(Thread.java:662)

   Locked ownable synchronizers:
	- None

"Remoting "localhost" task-1" prio=10 tid=0x09602400 nid=0x2e08 waiting on condition [0x4f531000]
   java.lang.Thread.State: WAITING (parking)
	at sun.misc.Unsafe.park(Native Method)
	- parking to wait for  <0x9bc31de0> (a java.util.concurrent.locks.AbstractQueuedSynchronizer$ConditionObject)
	at java.util.concurrent.locks.LockSupport.park(LockSupport.java:156)
	at java.util.concurrent.locks.AbstractQueuedSynchronizer$ConditionObject.await(AbstractQueuedSynchronizer.java:1987)
	at java.util.concurrent.LinkedBlockingQueue.take(LinkedBlockingQueue.java:399)
	at org.xnio.LimitedBlockingQueue.take(LimitedBlockingQueue.java:95)
	at java.util.concurrent.ThreadPoolExecutor.getTask(ThreadPoolExecutor.java:947)
	at java.util.concurrent.ThreadPoolExecutor$Worker.run(ThreadPoolExecutor.java:907)
	at java.lang.Thread.run(Thread.java:662)

   Locked ownable synchronizers:
	- None

"Thread-64" prio=10 tid=0x516f8c00 nid=0x2db4 runnable [0x4dc56000]
   java.lang.Thread.State: RUNNABLE
	at sun.nio.ch.EPollArrayWrapper.epollWait(Native Method)
	at sun.nio.ch.EPollArrayWrapper.poll(EPollArrayWrapper.java:210)
	at sun.nio.ch.EPollSelectorImpl.doSelect(EPollSelectorImpl.java:65)
	at sun.nio.ch.SelectorImpl.lockAndDoSelect(SelectorImpl.java:69)
	- locked <0x9e9920e0> (a sun.nio.ch.Util$2)
	- locked <0x9e9920d0> (a java.util.Collections$UnmodifiableSet)
	- locked <0x9e991ee8> (a sun.nio.ch.EPollSelectorImpl)
	at sun.nio.ch.SelectorImpl.select(SelectorImpl.java:80)
	at org.jboss.sun.net.httpserver.ServerImpl$Dispatcher.run(ServerImpl.java:382)
	at java.lang.Thread.run(Thread.java:662)

   Locked ownable synchronizers:
	- None

"server-timer" daemon prio=10 tid=0x516e1400 nid=0x2db3 in Object.wait() [0x4dca7000]
   java.lang.Thread.State: TIMED_WAITING (on object monitor)
	at java.lang.Object.wait(Native Method)
	- waiting on <0x9e9989b8> (a java.util.TaskQueue)
	at java.util.TimerThread.mainLoop(Timer.java:509)
	- locked <0x9e9989b8> (a java.util.TaskQueue)
	at java.util.TimerThread.run(Timer.java:462)

   Locked ownable synchronizers:
	- None

"http-/10.66.193.181:8080-Acceptor-0" daemon prio=10 tid=0x51840800 nid=0x2db2 runnable [0x4dd48000]
   java.lang.Thread.State: RUNNABLE
	at java.net.PlainSocketImpl.socketAccept(Native Method)
	at java.net.PlainSocketImpl.accept(PlainSocketImpl.java:408)
	- locked <0x9d11a7e8> (a java.net.SocksSocketImpl)
	at java.net.ServerSocket.implAccept(ServerSocket.java:462)
	at java.net.ServerSocket.accept(ServerSocket.java:430)
	at org.apache.tomcat.util.net.DefaultServerSocketFactory.acceptSocket(DefaultServerSocketFactory.java:61)
	at org.apache.tomcat.util.net.JIoEndpoint$Acceptor.run(JIoEndpoint.java:322)
	at java.lang.Thread.run(Thread.java:662)

   Locked ownable synchronizers:
	- None

"http-/10.66.193.181:8080-Poller" daemon prio=10 tid=0x51871400 nid=0x2db1 in Object.wait() [0x4dda6000]
   java.lang.Thread.State: TIMED_WAITING (on object monitor)
	at java.lang.Object.wait(Native Method)
	- waiting on <0x9d123d38> (a org.apache.tomcat.util.net.JIoEndpoint$Poller)
	at org.apache.tomcat.util.net.JIoEndpoint$Poller.run(JIoEndpoint.java:743)
	- locked <0x9d123d38> (a org.apache.tomcat.util.net.JIoEndpoint$Poller)
	at java.lang.Thread.run(Thread.java:662)

   Locked ownable synchronizers:
	- None

"Transaction Reaper Worker 0" daemon prio=10 tid=0x4eba1000 nid=0x2db0 in Object.wait() [0x4de2e000]
   java.lang.Thread.State: WAITING (on object monitor)
	at java.lang.Object.wait(Native Method)
	- waiting on <0x9bdc9868> (a java.util.LinkedList)
	at java.lang.Object.wait(Object.java:485)
	at com.arjuna.ats.arjuna.coordinator.TransactionReaper.waitForCancellations(TransactionReaper.java:321)
	- locked <0x9bdc9868> (a java.util.LinkedList)
	at com.arjuna.ats.internal.arjuna.coordinator.ReaperWorkerThread.run(ReaperWorkerThread.java:65)

   Locked ownable synchronizers:
	- None

"Transaction Reaper" daemon prio=10 tid=0x4eba5800 nid=0x2daf in Object.wait() [0x4de7f000]
   java.lang.Thread.State: TIMED_WAITING (on object monitor)
	at java.lang.Object.wait(Native Method)
	- waiting on <0x9bdc5f00> (a com.arjuna.ats.arjuna.coordinator.TransactionReaper)
	at com.arjuna.ats.internal.arjuna.coordinator.ReaperThread.run(ReaperThread.java:90)
	- locked <0x9bdc5f00> (a com.arjuna.ats.arjuna.coordinator.TransactionReaper)

   Locked ownable synchronizers:
	- None

"Periodic Recovery" prio=10 tid=0x5004dc00 nid=0x2dae in Object.wait() [0x4ded3000]
   java.lang.Thread.State: TIMED_WAITING (on object monitor)
	at java.lang.Object.wait(Native Method)
	- waiting on <0x9b5f2d60> (a java.lang.Object)
	at com.arjuna.ats.internal.arjuna.recovery.PeriodicRecovery.doPeriodicWait(PeriodicRecovery.java:672)
	at com.arjuna.ats.internal.arjuna.recovery.PeriodicRecovery.run(PeriodicRecovery.java:392)
	- locked <0x9b5f2d60> (a java.lang.Object)

   Locked ownable synchronizers:
	- None

"Transaction Expired Entry Monitor" daemon prio=10 tid=0x50069c00 nid=0x2dad in Object.wait() [0x4df24000]
   java.lang.Thread.State: TIMED_WAITING (on object monitor)
	at java.lang.Object.wait(Native Method)
	- waiting on <0x9b5ea1f8> (a com.arjuna.ats.internal.arjuna.recovery.ExpiredEntryMonitor)
	at com.arjuna.ats.internal.arjuna.recovery.ExpiredEntryMonitor.run(ExpiredEntryMonitor.java:190)
	- locked <0x9b5ea1f8> (a com.arjuna.ats.internal.arjuna.recovery.ExpiredEntryMonitor)

   Locked ownable synchronizers:
	- None

"ContainerBackgroundProcessor[StandardEngine[jboss.web]]" daemon prio=10 tid=0x4eb79000 nid=0x2dac waiting on condition [0x4df77000]
   java.lang.Thread.State: TIMED_WAITING (sleeping)
	at java.lang.Thread.sleep(Native Method)
	at org.apache.catalina.core.ContainerBase$ContainerBackgroundProcessor.run(ContainerBase.java:1580)
	at java.lang.Thread.run(Thread.java:662)

   Locked ownable synchronizers:
	- None

"Timer-0" prio=10 tid=0x4f1ea000 nid=0x2dab in Object.wait() [0x4e058000]
   java.lang.Thread.State: WAITING (on object monitor)
	at java.lang.Object.wait(Native Method)
	- waiting on <0x9b1e6d80> (a java.util.TaskQueue)
	at java.lang.Object.wait(Object.java:485)
	at java.util.TimerThread.mainLoop(Timer.java:483)
	- locked <0x9b1e6d80> (a java.util.TaskQueue)
	at java.util.TimerThread.run(Timer.java:462)

   Locked ownable synchronizers:
	- None

"Remoting "localhost" write-1" prio=10 tid=0x51a46400 nid=0x2da3 runnable [0x4e2e8000]
   java.lang.Thread.State: RUNNABLE
	at sun.nio.ch.EPollArrayWrapper.epollWait(Native Method)
	at sun.nio.ch.EPollArrayWrapper.poll(EPollArrayWrapper.java:210)
	at sun.nio.ch.EPollSelectorImpl.doSelect(EPollSelectorImpl.java:65)
	at sun.nio.ch.SelectorImpl.lockAndDoSelect(SelectorImpl.java:69)
	- locked <0x9bc32cb8> (a sun.nio.ch.Util$2)
	- locked <0x9bc32ca8> (a java.util.Collections$UnmodifiableSet)
	- locked <0x9bc32ac0> (a sun.nio.ch.EPollSelectorImpl)
	at sun.nio.ch.SelectorImpl.select(SelectorImpl.java:80)
	at org.xnio.nio.WorkerThread.run(WorkerThread.java:157)

   Locked ownable synchronizers:
	- None

"Remoting "localhost" read-1" prio=10 tid=0x51a05000 nid=0x2da2 runnable [0x4e343000]
   java.lang.Thread.State: RUNNABLE
	at sun.nio.ch.EPollArrayWrapper.epollWait(Native Method)
	at sun.nio.ch.EPollArrayWrapper.poll(EPollArrayWrapper.java:210)
	at sun.nio.ch.EPollSelectorImpl.doSelect(EPollSelectorImpl.java:65)
	at sun.nio.ch.SelectorImpl.lockAndDoSelect(SelectorImpl.java:69)
	- locked <0x9bc32248> (a sun.nio.ch.Util$2)
	- locked <0x9bc32238> (a java.util.Collections$UnmodifiableSet)
	- locked <0x9bc32050> (a sun.nio.ch.EPollSelectorImpl)
	at sun.nio.ch.SelectorImpl.select(SelectorImpl.java:80)
	at sun.nio.ch.SelectorImpl.select(SelectorImpl.java:84)
	at org.xnio.nio.WorkerThread.run(WorkerThread.java:153)

   Locked ownable synchronizers:
	- None

"IdleRemover" daemon prio=10 tid=0x51852800 nid=0x2da1 waiting on condition [0x4e394000]
   java.lang.Thread.State: TIMED_WAITING (parking)
	at sun.misc.Unsafe.park(Native Method)
	- parking to wait for  <0x9cfff390> (a java.util.concurrent.locks.AbstractQueuedSynchronizer$ConditionObject)
	at java.util.concurrent.locks.LockSupport.parkNanos(LockSupport.java:196)
	at java.util.concurrent.locks.AbstractQueuedSynchronizer$ConditionObject.await(AbstractQueuedSynchronizer.java:2116)
	at org.jboss.jca.core.connectionmanager.pool.idle.IdleRemover$IdleRemoverRunner.run(IdleRemover.java:261)
	at java.util.concurrent.ThreadPoolExecutor$Worker.runTask(ThreadPoolExecutor.java:886)
	at java.util.concurrent.ThreadPoolExecutor$Worker.run(ThreadPoolExecutor.java:908)
	at java.lang.Thread.run(Thread.java:662)

   Locked ownable synchronizers:
	- <0x9d004210> (a java.util.concurrent.locks.ReentrantLock$NonfairSync)

"ConnectionValidator" daemon prio=10 tid=0x51a06000 nid=0x2d9f waiting on condition [0x4e437000]
   java.lang.Thread.State: TIMED_WAITING (parking)
	at sun.misc.Unsafe.park(Native Method)
	- parking to wait for  <0x9bc1f388> (a java.util.concurrent.locks.AbstractQueuedSynchronizer$ConditionObject)
	at java.util.concurrent.locks.LockSupport.parkNanos(LockSupport.java:196)
	at java.util.concurrent.locks.AbstractQueuedSynchronizer$ConditionObject.await(AbstractQueuedSynchronizer.java:2116)
	at org.jboss.jca.core.connectionmanager.pool.validator.ConnectionValidator$ConnectionValidatorRunner.run(ConnectionValidator.java:263)
	at java.util.concurrent.ThreadPoolExecutor$Worker.runTask(ThreadPoolExecutor.java:886)
	at java.util.concurrent.ThreadPoolExecutor$Worker.run(ThreadPoolExecutor.java:908)
	at java.lang.Thread.run(Thread.java:662)

   Locked ownable synchronizers:
	- <0x9bc24d60> (a java.util.concurrent.locks.ReentrantLock$NonfairSync)

"Remoting "localhost:MANAGEMENT" write-1" prio=10 tid=0x4eb1a400 nid=0x2d8e runnable [0x4eaa5000]
   java.lang.Thread.State: RUNNABLE
	at sun.nio.ch.EPollArrayWrapper.epollWait(Native Method)
	at sun.nio.ch.EPollArrayWrapper.poll(EPollArrayWrapper.java:210)
	at sun.nio.ch.EPollSelectorImpl.doSelect(EPollSelectorImpl.java:65)
	at sun.nio.ch.SelectorImpl.lockAndDoSelect(SelectorImpl.java:69)
	- locked <0xacf0f718> (a sun.nio.ch.Util$2)
	- locked <0xacf0f708> (a java.util.Collections$UnmodifiableSet)
	- locked <0xacf0f510> (a sun.nio.ch.EPollSelectorImpl)
	at sun.nio.ch.SelectorImpl.select(SelectorImpl.java:80)
	at sun.nio.ch.SelectorImpl.select(SelectorImpl.java:84)
	at org.xnio.nio.WorkerThread.run(WorkerThread.java:153)

   Locked ownable synchronizers:
	- None

"Remoting "localhost:MANAGEMENT" read-1" prio=10 tid=0x4eb19800 nid=0x2d8d runnable [0x4eaf6000]
   java.lang.Thread.State: RUNNABLE
	at sun.nio.ch.EPollArrayWrapper.epollWait(Native Method)
	at sun.nio.ch.EPollArrayWrapper.poll(EPollArrayWrapper.java:210)
	at sun.nio.ch.EPollSelectorImpl.doSelect(EPollSelectorImpl.java:65)
	at sun.nio.ch.SelectorImpl.lockAndDoSelect(SelectorImpl.java:69)
	- locked <0xacf0f168> (a sun.nio.ch.Util$2)
	- locked <0xacf0f158> (a java.util.Collections$UnmodifiableSet)
	- locked <0xacf0ef58> (a sun.nio.ch.EPollSelectorImpl)
	at sun.nio.ch.SelectorImpl.select(SelectorImpl.java:80)
	at sun.nio.ch.SelectorImpl.select(SelectorImpl.java:84)
	at org.xnio.nio.WorkerThread.run(WorkerThread.java:153)

   Locked ownable synchronizers:
	- None

"DeploymentScanner-threads - 2" prio=10 tid=0x4ed08400 nid=0x2d8c waiting on condition [0x4ec5c000]
   java.lang.Thread.State: TIMED_WAITING (parking)
	at sun.misc.Unsafe.park(Native Method)
	- parking to wait for  <0xace628d8> (a java.util.concurrent.locks.AbstractQueuedSynchronizer$ConditionObject)
	at java.util.concurrent.locks.LockSupport.parkNanos(LockSupport.java:196)
	at java.util.concurrent.locks.AbstractQueuedSynchronizer$ConditionObject.awaitNanos(AbstractQueuedSynchronizer.java:2025)
	at java.util.concurrent.DelayQueue.take(DelayQueue.java:164)
	at java.util.concurrent.ScheduledThreadPoolExecutor$DelayedWorkQueue.take(ScheduledThreadPoolExecutor.java:609)
	at java.util.concurrent.ScheduledThreadPoolExecutor$DelayedWorkQueue.take(ScheduledThreadPoolExecutor.java:602)
	at java.util.concurrent.ThreadPoolExecutor.getTask(ThreadPoolExecutor.java:947)
	at java.util.concurrent.ThreadPoolExecutor$Worker.run(ThreadPoolExecutor.java:907)
	at java.lang.Thread.run(Thread.java:662)
	at org.jboss.threads.JBossThread.run(JBossThread.java:122)

   Locked ownable synchronizers:
	- None

"DeploymentScanner-threads - 1" prio=10 tid=0x094e9400 nid=0x2d8b waiting on condition [0x4ecad000]
   java.lang.Thread.State: TIMED_WAITING (parking)
	at sun.misc.Unsafe.park(Native Method)
	- parking to wait for  <0xace628d8> (a java.util.concurrent.locks.AbstractQueuedSynchronizer$ConditionObject)
	at java.util.concurrent.locks.LockSupport.parkNanos(LockSupport.java:196)
	at java.util.concurrent.locks.AbstractQueuedSynchronizer$ConditionObject.awaitNanos(AbstractQueuedSynchronizer.java:2025)
	at java.util.concurrent.DelayQueue.take(DelayQueue.java:164)
	at java.util.concurrent.ScheduledThreadPoolExecutor$DelayedWorkQueue.take(ScheduledThreadPoolExecutor.java:609)
	at java.util.concurrent.ScheduledThreadPoolExecutor$DelayedWorkQueue.take(ScheduledThreadPoolExecutor.java:602)
	at java.util.concurrent.ThreadPoolExecutor.getTask(ThreadPoolExecutor.java:947)
	at java.util.concurrent.ThreadPoolExecutor$Worker.run(ThreadPoolExecutor.java:907)
	at java.lang.Thread.run(Thread.java:662)
	at org.jboss.threads.JBossThread.run(JBossThread.java:122)

   Locked ownable synchronizers:
	- None

"DestroyJavaVM" prio=10 tid=0xb6a05400 nid=0x2d5b waiting on condition [0x00000000]
   java.lang.Thread.State: RUNNABLE

   Locked ownable synchronizers:
	- None

"MSC service thread 1-8" prio=10 tid=0x50922400 nid=0x2d70 waiting on condition [0x4fead000]
   java.lang.Thread.State: WAITING (parking)
	at sun.misc.Unsafe.park(Native Method)
	- parking to wait for  <0xad165460> (a java.util.concurrent.locks.AbstractQueuedSynchronizer$ConditionObject)
	at java.util.concurrent.locks.LockSupport.park(LockSupport.java:156)
	at java.util.concurrent.locks.AbstractQueuedSynchronizer$ConditionObject.await(AbstractQueuedSynchronizer.java:1987)
	at java.util.concurrent.LinkedBlockingQueue.take(LinkedBlockingQueue.java:399)
	at java.util.concurrent.ThreadPoolExecutor.getTask(ThreadPoolExecutor.java:947)
	at java.util.concurrent.ThreadPoolExecutor$Worker.run(ThreadPoolExecutor.java:907)
	at java.lang.Thread.run(Thread.java:662)

   Locked ownable synchronizers:
	- None

"MSC service thread 1-7" prio=10 tid=0x5108ec00 nid=0x2d6f waiting on condition [0x4fefe000]
   java.lang.Thread.State: WAITING (parking)
	at sun.misc.Unsafe.park(Native Method)
	- parking to wait for  <0xad165460> (a java.util.concurrent.locks.AbstractQueuedSynchronizer$ConditionObject)
	at java.util.concurrent.locks.LockSupport.park(LockSupport.java:156)
	at java.util.concurrent.locks.AbstractQueuedSynchronizer$ConditionObject.await(AbstractQueuedSynchronizer.java:1987)
	at java.util.concurrent.LinkedBlockingQueue.take(LinkedBlockingQueue.java:399)
	at java.util.concurrent.ThreadPoolExecutor.getTask(ThreadPoolExecutor.java:947)
	at java.util.concurrent.ThreadPoolExecutor$Worker.run(ThreadPoolExecutor.java:907)
	at java.lang.Thread.run(Thread.java:662)

   Locked ownable synchronizers:
	- None

"MSC service thread 1-6" prio=10 tid=0x50019400 nid=0x2d6e waiting on condition [0x50557000]
   java.lang.Thread.State: WAITING (parking)
	at sun.misc.Unsafe.park(Native Method)
	- parking to wait for  <0xad165460> (a java.util.concurrent.locks.AbstractQueuedSynchronizer$ConditionObject)
	at java.util.concurrent.locks.LockSupport.park(LockSupport.java:156)
	at java.util.concurrent.locks.AbstractQueuedSynchronizer$ConditionObject.await(AbstractQueuedSynchronizer.java:1987)
	at java.util.concurrent.LinkedBlockingQueue.take(LinkedBlockingQueue.java:399)
	at java.util.concurrent.ThreadPoolExecutor.getTask(ThreadPoolExecutor.java:947)
	at java.util.concurrent.ThreadPoolExecutor$Worker.run(ThreadPoolExecutor.java:907)
	at java.lang.Thread.run(Thread.java:662)

   Locked ownable synchronizers:
	- None

"MSC service thread 1-5" prio=10 tid=0x0944ec00 nid=0x2d6d waiting on condition [0x505a8000]
   java.lang.Thread.State: WAITING (parking)
	at sun.misc.Unsafe.park(Native Method)
	- parking to wait for  <0xad165460> (a java.util.concurrent.locks.AbstractQueuedSynchronizer$ConditionObject)
	at java.util.concurrent.locks.LockSupport.park(LockSupport.java:156)
	at java.util.concurrent.locks.AbstractQueuedSynchronizer$ConditionObject.await(AbstractQueuedSynchronizer.java:1987)
	at java.util.concurrent.LinkedBlockingQueue.take(LinkedBlockingQueue.java:399)
	at java.util.concurrent.ThreadPoolExecutor.getTask(ThreadPoolExecutor.java:947)
	at java.util.concurrent.ThreadPoolExecutor$Worker.run(ThreadPoolExecutor.java:907)
	at java.lang.Thread.run(Thread.java:662)

   Locked ownable synchronizers:
	- None

"MSC service thread 1-4" prio=10 tid=0x50e03c00 nid=0x2d6c waiting on condition [0x505f9000]
   java.lang.Thread.State: WAITING (parking)
	at sun.misc.Unsafe.park(Native Method)
	- parking to wait for  <0xad165460> (a java.util.concurrent.locks.AbstractQueuedSynchronizer$ConditionObject)
	at java.util.concurrent.locks.LockSupport.park(LockSupport.java:156)
	at java.util.concurrent.locks.AbstractQueuedSynchronizer$ConditionObject.await(AbstractQueuedSynchronizer.java:1987)
	at java.util.concurrent.LinkedBlockingQueue.take(LinkedBlockingQueue.java:399)
	at java.util.concurrent.ThreadPoolExecutor.getTask(ThreadPoolExecutor.java:947)
	at java.util.concurrent.ThreadPoolExecutor$Worker.run(ThreadPoolExecutor.java:907)
	at java.lang.Thread.run(Thread.java:662)

   Locked ownable synchronizers:
	- None

"MSC service thread 1-3" prio=10 tid=0x4fb8d400 nid=0x2d6b waiting on condition [0x50797000]
   java.lang.Thread.State: WAITING (parking)
	at sun.misc.Unsafe.park(Native Method)
	- parking to wait for  <0xad165460> (a java.util.concurrent.locks.AbstractQueuedSynchronizer$ConditionObject)
	at java.util.concurrent.locks.LockSupport.park(LockSupport.java:156)
	at java.util.concurrent.locks.AbstractQueuedSynchronizer$ConditionObject.await(AbstractQueuedSynchronizer.java:1987)
	at java.util.concurrent.LinkedBlockingQueue.take(LinkedBlockingQueue.java:399)
	at java.util.concurrent.ThreadPoolExecutor.getTask(ThreadPoolExecutor.java:947)
	at java.util.concurrent.ThreadPoolExecutor$Worker.run(ThreadPoolExecutor.java:907)
	at java.lang.Thread.run(Thread.java:662)

   Locked ownable synchronizers:
	- None

"MSC service thread 1-2" prio=10 tid=0x4fb6dc00 nid=0x2d6a waiting on condition [0x507e8000]
   java.lang.Thread.State: WAITING (parking)
	at sun.misc.Unsafe.park(Native Method)
	- parking to wait for  <0xad165460> (a java.util.concurrent.locks.AbstractQueuedSynchronizer$ConditionObject)
	at java.util.concurrent.locks.LockSupport.park(LockSupport.java:156)
	at java.util.concurrent.locks.AbstractQueuedSynchronizer$ConditionObject.await(AbstractQueuedSynchronizer.java:1987)
	at java.util.concurrent.LinkedBlockingQueue.take(LinkedBlockingQueue.java:399)
	at java.util.concurrent.ThreadPoolExecutor.getTask(ThreadPoolExecutor.java:947)
	at java.util.concurrent.ThreadPoolExecutor$Worker.run(ThreadPoolExecutor.java:907)
	at java.lang.Thread.run(Thread.java:662)

   Locked ownable synchronizers:
	- None

"MSC service thread 1-1" prio=10 tid=0x4fb2a800 nid=0x2d69 waiting on condition [0x50b7d000]
   java.lang.Thread.State: WAITING (parking)
	at sun.misc.Unsafe.park(Native Method)
	- parking to wait for  <0xad165460> (a java.util.concurrent.locks.AbstractQueuedSynchronizer$ConditionObject)
	at java.util.concurrent.locks.LockSupport.park(LockSupport.java:156)
	at java.util.concurrent.locks.AbstractQueuedSynchronizer$ConditionObject.await(AbstractQueuedSynchronizer.java:1987)
	at java.util.concurrent.LinkedBlockingQueue.take(LinkedBlockingQueue.java:399)
	at java.util.concurrent.ThreadPoolExecutor.getTask(ThreadPoolExecutor.java:947)
	at java.util.concurrent.ThreadPoolExecutor$Worker.run(ThreadPoolExecutor.java:907)
	at java.lang.Thread.run(Thread.java:662)

   Locked ownable synchronizers:
	- None

"Reference Reaper" daemon prio=10 tid=0x50a1b400 nid=0x2d68 in Object.wait() [0x50f7d000]
   java.lang.Thread.State: WAITING (on object monitor)
	at java.lang.Object.wait(Native Method)
	- waiting on <0xacc95818> (a java.lang.ref.ReferenceQueue$Lock)
	at java.lang.ref.ReferenceQueue.remove(ReferenceQueue.java:118)
	- locked <0xacc95818> (a java.lang.ref.ReferenceQueue$Lock)
	at java.lang.ref.ReferenceQueue.remove(ReferenceQueue.java:134)
	at org.jboss.modules.ref.References$ReaperThread.run(References.java:68)

   Locked ownable synchronizers:
	- None

"Low Memory Detector" daemon prio=10 tid=0xb6abc800 nid=0x2d66 runnable [0x00000000]
   java.lang.Thread.State: RUNNABLE

   Locked ownable synchronizers:
	- None

"C2 CompilerThread1" daemon prio=10 tid=0xb6abac00 nid=0x2d65 waiting on condition [0x00000000]
   java.lang.Thread.State: RUNNABLE

   Locked ownable synchronizers:
	- None

"C2 CompilerThread0" daemon prio=10 tid=0xb6ab8c00 nid=0x2d64 waiting on condition [0x00000000]
   java.lang.Thread.State: RUNNABLE

   Locked ownable synchronizers:
	- None

"Signal Dispatcher" daemon prio=10 tid=0xb6ab7400 nid=0x2d63 runnable [0x00000000]
   java.lang.Thread.State: RUNNABLE

   Locked ownable synchronizers:
	- None

"Finalizer" daemon prio=10 tid=0xb6aa9000 nid=0x2d62 in Object.wait() [0x5197d000]
   java.lang.Thread.State: WAITING (on object monitor)
	at java.lang.Object.wait(Native Method)
	- waiting on <0xad1678e0> (a java.lang.ref.ReferenceQueue$Lock)
	at java.lang.ref.ReferenceQueue.remove(ReferenceQueue.java:118)
	- locked <0xad1678e0> (a java.lang.ref.ReferenceQueue$Lock)
	at java.lang.ref.ReferenceQueue.remove(ReferenceQueue.java:134)
	at java.lang.ref.Finalizer$FinalizerThread.run(Finalizer.java:159)

   Locked ownable synchronizers:
	- None

"Reference Handler" daemon prio=10 tid=0xb6aa7800 nid=0x2d61 in Object.wait() [0x511e1000]
   java.lang.Thread.State: WAITING (on object monitor)
	at java.lang.Object.wait(Native Method)
	- waiting on <0xacea1960> (a java.lang.ref.Reference$Lock)
	at java.lang.Object.wait(Object.java:485)
	at java.lang.ref.Reference$ReferenceHandler.run(Reference.java:116)
	- locked <0xacea1960> (a java.lang.ref.Reference$Lock)

   Locked ownable synchronizers:
	- None

"VM Thread" prio=10 tid=0xb6aa3c00 nid=0x2d60 runnable 

"GC task thread#0 (ParallelGC)" prio=10 tid=0xb6a0c400 nid=0x2d5c runnable 

"GC task thread#1 (ParallelGC)" prio=10 tid=0xb6a0dc00 nid=0x2d5d runnable 

"GC task thread#2 (ParallelGC)" prio=10 tid=0xb6a0f000 nid=0x2d5e runnable 

"GC task thread#3 (ParallelGC)" prio=10 tid=0xb6a10800 nid=0x2d5f runnable 

"VM Periodic Task Thread" prio=10 tid=0xb6abe800 nid=0x2d67 waiting on condition 

JNI global references: 1769

