2013-05-26 17:32:44
Full thread dump Java HotSpot(TM) Server VM (20.6-b01 mixed mode):

"Attach Listener" daemon prio=10 tid=0x6e803c00 nid=0x5129 waiting on condition [0x00000000]
   java.lang.Thread.State: RUNNABLE

   Locked ownable synchronizers:
	- None

"DestroyJavaVM" prio=10 tid=0xb6a04800 nid=0x506e waiting on condition [0x00000000]
   java.lang.Thread.State: RUNNABLE

   Locked ownable synchronizers:
	- None

"lab-thread-threadpool-2" prio=10 tid=0xb6aeec00 nid=0x507d waiting on condition [0x6e4db000]
   java.lang.Thread.State: WAITING (parking)
	at sun.misc.Unsafe.park(Native Method)
	- parking to wait for  <0x9e42fea0> (a java.util.concurrent.locks.AbstractQueuedSynchronizer$ConditionObject)
	at java.util.concurrent.locks.LockSupport.park(LockSupport.java:156)
	at java.util.concurrent.locks.AbstractQueuedSynchronizer$ConditionObject.await(AbstractQueuedSynchronizer.java:1987)
	at java.util.concurrent.ArrayBlockingQueue.take(ArrayBlockingQueue.java:315)
	at com.kylin.lab.threaddump.threadpool.SleepingThread.run(SleepingThread.java:34)
	at java.util.concurrent.ThreadPoolExecutor$Worker.runTask(ThreadPoolExecutor.java:886)
	at java.util.concurrent.ThreadPoolExecutor$Worker.run(ThreadPoolExecutor.java:908)
	at java.lang.Thread.run(Thread.java:662)

   Locked ownable synchronizers:
	- <0x9e433910> (a java.util.concurrent.locks.ReentrantLock$NonfairSync)

"lab-thread-threadpool-1" prio=10 tid=0xb6aed400 nid=0x507c waiting on condition [0x6e52c000]
   java.lang.Thread.State: WAITING (parking)
	at sun.misc.Unsafe.park(Native Method)
	- parking to wait for  <0x9e42fea0> (a java.util.concurrent.locks.AbstractQueuedSynchronizer$ConditionObject)
	at java.util.concurrent.locks.LockSupport.park(LockSupport.java:156)
	at java.util.concurrent.locks.AbstractQueuedSynchronizer$ConditionObject.await(AbstractQueuedSynchronizer.java:1987)
	at java.util.concurrent.ArrayBlockingQueue.take(ArrayBlockingQueue.java:315)
	at com.kylin.lab.threaddump.threadpool.SleepingThread.run(SleepingThread.java:34)
	at java.util.concurrent.ThreadPoolExecutor$Worker.runTask(ThreadPoolExecutor.java:886)
	at java.util.concurrent.ThreadPoolExecutor$Worker.run(ThreadPoolExecutor.java:908)
	at java.lang.Thread.run(Thread.java:662)

   Locked ownable synchronizers:
	- <0x9e433658> (a java.util.concurrent.locks.ReentrantLock$NonfairSync)

"lab-thread-threadpool-0" prio=10 tid=0xb6aec000 nid=0x507b waiting on condition [0x6e57d000]
   java.lang.Thread.State: WAITING (parking)
	at sun.misc.Unsafe.park(Native Method)
	- parking to wait for  <0x9e42fea0> (a java.util.concurrent.locks.AbstractQueuedSynchronizer$ConditionObject)
	at java.util.concurrent.locks.LockSupport.park(LockSupport.java:156)
	at java.util.concurrent.locks.AbstractQueuedSynchronizer$ConditionObject.await(AbstractQueuedSynchronizer.java:1987)
	at java.util.concurrent.ArrayBlockingQueue.take(ArrayBlockingQueue.java:315)
	at com.kylin.lab.threaddump.threadpool.SleepingThread.run(SleepingThread.java:34)
	at java.util.concurrent.ThreadPoolExecutor$Worker.runTask(ThreadPoolExecutor.java:886)
	at java.util.concurrent.ThreadPoolExecutor$Worker.run(ThreadPoolExecutor.java:908)
	at java.lang.Thread.run(Thread.java:662)

   Locked ownable synchronizers:
	- <0x9e4333a0> (a java.util.concurrent.locks.ReentrantLock$NonfairSync)

"Low Memory Detector" daemon prio=10 tid=0xb6abbc00 nid=0x5079 runnable [0x00000000]
   java.lang.Thread.State: RUNNABLE

   Locked ownable synchronizers:
	- None

"C2 CompilerThread1" daemon prio=10 tid=0xb6aba000 nid=0x5078 waiting on condition [0x00000000]
   java.lang.Thread.State: RUNNABLE

   Locked ownable synchronizers:
	- None

"C2 CompilerThread0" daemon prio=10 tid=0xb6ab8400 nid=0x5077 waiting on condition [0x00000000]
   java.lang.Thread.State: RUNNABLE

   Locked ownable synchronizers:
	- None

"Signal Dispatcher" daemon prio=10 tid=0xb6ab6800 nid=0x5076 runnable [0x00000000]
   java.lang.Thread.State: RUNNABLE

   Locked ownable synchronizers:
	- None

"Finalizer" daemon prio=10 tid=0xb6aa8400 nid=0x5075 in Object.wait() [0x6f17d000]
   java.lang.Thread.State: WAITING (on object monitor)
	at java.lang.Object.wait(Native Method)
	- waiting on <0x9e3f1150> (a java.lang.ref.ReferenceQueue$Lock)
	at java.lang.ref.ReferenceQueue.remove(ReferenceQueue.java:118)
	- locked <0x9e3f1150> (a java.lang.ref.ReferenceQueue$Lock)
	at java.lang.ref.ReferenceQueue.remove(ReferenceQueue.java:134)
	at java.lang.ref.Finalizer$FinalizerThread.run(Finalizer.java:159)

   Locked ownable synchronizers:
	- None

"Reference Handler" daemon prio=10 tid=0xb6aa7000 nid=0x5074 in Object.wait() [0x6ebe1000]
   java.lang.Thread.State: WAITING (on object monitor)
	at java.lang.Object.wait(Native Method)
	- waiting on <0x9e3f1050> (a java.lang.ref.Reference$Lock)
	at java.lang.Object.wait(Object.java:485)
	at java.lang.ref.Reference$ReferenceHandler.run(Reference.java:116)
	- locked <0x9e3f1050> (a java.lang.ref.Reference$Lock)

   Locked ownable synchronizers:
	- None

"VM Thread" prio=10 tid=0xb6aa3400 nid=0x5073 runnable 

"GC task thread#0 (ParallelGC)" prio=10 tid=0xb6a0b800 nid=0x506f runnable 

"GC task thread#1 (ParallelGC)" prio=10 tid=0xb6a0d000 nid=0x5070 runnable 

"GC task thread#2 (ParallelGC)" prio=10 tid=0xb6a0e400 nid=0x5071 runnable 

"GC task thread#3 (ParallelGC)" prio=10 tid=0xb6a0fc00 nid=0x5072 runnable 

"VM Periodic Task Thread" prio=10 tid=0xb6abdc00 nid=0x507a waiting on condition 

JNI global references: 886

